{"C:\\wonky-sprout-os\\constants.ts": {"path":"C:\\wonky-sprout-os\\constants.ts","statementMap":{"0":{"start":{"line":3,"column":31},"end":{"line":140,"column":null}},"1":{"start":{"line":142,"column":24},"end":{"line":168,"column":null}},"2":{"start":{"line":177,"column":42},"end":{"line":208,"column":null}},"3":{"start":{"line":210,"column":32},"end":{"line":217,"column":null}},"4":{"start":{"line":219,"column":48},"end":{"line":238,"column":null}}},"fnMap":{},"branchMap":{},"s":{"0":1,"1":1,"2":1,"3":1,"4":1},"f":{},"b":{},"meta":{"lastBranch":0,"lastFunction":0,"lastStatement":5,"seen":{"s:3:31:140:Infinity":0,"s:142:24:168:Infinity":1,"s:177:42:208:Infinity":2,"s:210:32:217:Infinity":3,"s:219:48:238:Infinity":4}}}
,"C:\\wonky-sprout-os\\defaultStates.ts": {"path":"C:\\wonky-sprout-os\\defaultStates.ts","statementMap":{"0":{"start":{"line":3,"column":14},"end":{"line":3,"column":null}},"1":{"start":{"line":4,"column":17},"end":{"line":4,"column":null}},"2":{"start":{"line":5,"column":20},"end":{"line":5,"column":null}},"3":{"start":{"line":6,"column":0},"end":{"line":6,"column":null}},"4":{"start":{"line":9,"column":32},"end":{"line":99,"column":null}},"5":{"start":{"line":27,"column":66},"end":{"line":27,"column":82}},"6":{"start":{"line":27,"column":93},"end":{"line":27,"column":97}},"7":{"start":{"line":28,"column":64},"end":{"line":28,"column":80}},"8":{"start":{"line":28,"column":91},"end":{"line":28,"column":95}},"9":{"start":{"line":29,"column":70},"end":{"line":29,"column":86}},"10":{"start":{"line":29,"column":97},"end":{"line":29,"column":101}},"11":{"start":{"line":30,"column":75},"end":{"line":30,"column":91}},"12":{"start":{"line":30,"column":102},"end":{"line":30,"column":106}}},"fnMap":{"0":{"name":"(anonymous_0)","decl":{"start":{"line":27,"column":61},"end":{"line":27,"column":66}},"loc":{"start":{"line":27,"column":66},"end":{"line":27,"column":82}},"line":27},"1":{"name":"(anonymous_1)","decl":{"start":{"line":27,"column":88},"end":{"line":27,"column":93}},"loc":{"start":{"line":27,"column":93},"end":{"line":27,"column":97}},"line":27},"2":{"name":"(anonymous_2)","decl":{"start":{"line":28,"column":59},"end":{"line":28,"column":64}},"loc":{"start":{"line":28,"column":64},"end":{"line":28,"column":80}},"line":28},"3":{"name":"(anonymous_3)","decl":{"start":{"line":28,"column":86},"end":{"line":28,"column":91}},"loc":{"start":{"line":28,"column":91},"end":{"line":28,"column":95}},"line":28},"4":{"name":"(anonymous_4)","decl":{"start":{"line":29,"column":65},"end":{"line":29,"column":70}},"loc":{"start":{"line":29,"column":70},"end":{"line":29,"column":86}},"line":29},"5":{"name":"(anonymous_5)","decl":{"start":{"line":29,"column":92},"end":{"line":29,"column":97}},"loc":{"start":{"line":29,"column":97},"end":{"line":29,"column":101}},"line":29},"6":{"name":"(anonymous_6)","decl":{"start":{"line":30,"column":70},"end":{"line":30,"column":75}},"loc":{"start":{"line":30,"column":75},"end":{"line":30,"column":91}},"line":30},"7":{"name":"(anonymous_7)","decl":{"start":{"line":30,"column":97},"end":{"line":30,"column":102}},"loc":{"start":{"line":30,"column":102},"end":{"line":30,"column":106}},"line":30}},"branchMap":{},"s":{"0":7,"1":7,"2":7,"3":7,"4":7,"5":322,"6":35,"7":42,"8":42,"9":42,"10":42,"11":42,"12":28},"f":{"0":322,"1":35,"2":42,"3":42,"4":42,"5":42,"6":42,"7":28},"b":{},"meta":{"lastBranch":0,"lastFunction":8,"lastStatement":13,"seen":{"s:3:14:3:Infinity":0,"s:4:17:4:Infinity":1,"s:5:20:5:Infinity":2,"s:6:0:6:Infinity":3,"s:9:32:99:Infinity":4,"f:27:61:27:66":0,"s:27:66:27:82":5,"f:27:88:27:93":1,"s:27:93:27:97":6,"f:28:59:28:64":2,"s:28:64:28:80":7,"f:28:86:28:91":3,"s:28:91:28:95":8,"f:29:65:29:70":4,"s:29:70:29:86":9,"f:29:92:29:97":5,"s:29:97:29:101":10,"f:30:70:30:75":6,"s:30:75:30:91":11,"f:30:97:30:102":7,"s:30:102:30:106":12}}}
,"C:\\wonky-sprout-os\\firebase.js": {"path":"C:\\wonky-sprout-os\\firebase.js","statementMap":{"0":{"start":{"line":17,"column":23},"end":{"line":25,"column":1}},"1":{"start":{"line":28,"column":11},"end":{"line":28,"column":41}},"2":{"start":{"line":30,"column":20},"end":{"line":30,"column":33}},"3":{"start":{"line":31,"column":18},"end":{"line":31,"column":36}},"4":{"start":{"line":34,"column":18},"end":{"line":52,"column":1}},"5":{"start":{"line":36,"column":22},"end":{"line":36,"column":55}},"6":{"start":{"line":38,"column":4},"end":{"line":38,"column":null}},"7":{"start":{"line":41,"column":22},"end":{"line":41,"column":55}},"8":{"start":{"line":42,"column":4},"end":{"line":50,"column":null}},"9":{"start":{"line":43,"column":6},"end":{"line":49,"column":null}},"10":{"start":{"line":44,"column":8},"end":{"line":44,"column":null}},"11":{"start":{"line":48,"column":8},"end":{"line":48,"column":null}},"12":{"start":{"line":55,"column":20},"end":{"line":68,"column":1}},"13":{"start":{"line":57,"column":4},"end":{"line":57,"column":null}},"14":{"start":{"line":60,"column":4},"end":{"line":60,"column":null}},"15":{"start":{"line":63,"column":4},"end":{"line":63,"column":null}},"16":{"start":{"line":66,"column":4},"end":{"line":66,"column":null}}},"fnMap":{"0":{"name":"(anonymous_0)","decl":{"start":{"line":35,"column":10},"end":{"line":35,"column":11}},"loc":{"start":{"line":35,"column":28},"end":{"line":39,"column":3}},"line":35},"1":{"name":"(anonymous_1)","decl":{"start":{"line":40,"column":14},"end":{"line":40,"column":15}},"loc":{"start":{"line":40,"column":36},"end":{"line":51,"column":3}},"line":40},"2":{"name":"(anonymous_2)","decl":{"start":{"line":42,"column":34},"end":{"line":42,"column":35}},"loc":{"start":{"line":42,"column":47},"end":{"line":50,"column":5}},"line":42},"3":{"name":"(anonymous_3)","decl":{"start":{"line":56,"column":22},"end":{"line":56,"column":23}},"loc":{"start":{"line":56,"column":36},"end":{"line":58,"column":3}},"line":56},"4":{"name":"(anonymous_4)","decl":{"start":{"line":59,"column":30},"end":{"line":59,"column":31}},"loc":{"start":{"line":59,"column":51},"end":{"line":61,"column":3}},"line":59},"5":{"name":"(anonymous_5)","decl":{"start":{"line":62,"column":34},"end":{"line":62,"column":35}},"loc":{"start":{"line":62,"column":55},"end":{"line":64,"column":3}},"line":62},"6":{"name":"(anonymous_6)","decl":{"start":{"line":65,"column":11},"end":{"line":65,"column":12}},"loc":{"start":{"line":65,"column":17},"end":{"line":67,"column":3}},"line":65}},"branchMap":{"0":{"loc":{"start":{"line":43,"column":6},"end":{"line":49,"column":null}},"type":"if","locations":[{"start":{"line":43,"column":6},"end":{"line":49,"column":null}},{"start":{"line":45,"column":13},"end":{"line":49,"column":null}}],"line":43}},"s":{"0":7,"1":7,"2":7,"3":7,"4":7,"5":0,"6":0,"7":0,"8":0,"9":0,"10":0,"11":0,"12":7,"13":0,"14":0,"15":0,"16":0},"f":{"0":0,"1":0,"2":0,"3":0,"4":0,"5":0,"6":0},"b":{"0":[0,0]},"meta":{"lastBranch":1,"lastFunction":7,"lastStatement":17,"seen":{"s:17:23:25:1":0,"s:28:11:28:41":1,"s:30:20:30:33":2,"s:31:18:31:36":3,"s:34:18:52:1":4,"f:35:10:35:11":0,"s:36:22:36:55":5,"s:38:4:38:Infinity":6,"f:40:14:40:15":1,"s:41:22:41:55":7,"s:42:4:50:Infinity":8,"f:42:34:42:35":2,"b:43:6:49:Infinity:45:13:49:Infinity":0,"s:43:6:49:Infinity":9,"s:44:8:44:Infinity":10,"s:48:8:48:Infinity":11,"s:55:20:68:1":12,"f:56:22:56:23":3,"s:57:4:57:Infinity":13,"f:59:30:59:31":4,"s:60:4:60:Infinity":14,"f:62:34:62:35":5,"s:63:4:63:Infinity":15,"f:65:11:65:12":6,"s:66:4:66:Infinity":16}}}
,"C:\\wonky-sprout-os\\components\\AIConsentModal.tsx": {"path":"C:\\wonky-sprout-os\\components\\AIConsentModal.tsx","statementMap":{"0":{"start":{"line":13,"column":54},"end":{"line":45,"column":null}},"1":{"start":{"line":14,"column":4},"end":{"line":43,"column":null}},"2":{"start":{"line":31,"column":45},"end":{"line":31,"column":null}}},"fnMap":{"0":{"name":"(anonymous_0)","decl":{"start":{"line":13,"column":54},"end":{"line":13,"column":55}},"loc":{"start":{"line":13,"column":116},"end":{"line":45,"column":null}},"line":13},"1":{"name":"(anonymous_1)","decl":{"start":{"line":31,"column":38},"end":{"line":31,"column":39}},"loc":{"start":{"line":31,"column":45},"end":{"line":31,"column":null}},"line":31}},"branchMap":{},"s":{"0":3,"1":1,"2":0},"f":{"0":1,"1":0},"b":{},"meta":{"lastBranch":0,"lastFunction":2,"lastStatement":3,"seen":{"s:13:54:45:Infinity":0,"f:13:54:13:55":0,"s:14:4:43:Infinity":1,"f:31:38:31:39":1,"s:31:45:31:Infinity":2}}}
,"C:\\wonky-sprout-os\\components\\Button.tsx": {"path":"C:\\wonky-sprout-os\\components\\Button.tsx","statementMap":{"0":{"start":{"line":8,"column":13},"end":{"line":8,"column":null}},"1":{"start":{"line":9,"column":21},"end":{"line":13,"column":null}},"2":{"start":{"line":15,"column":18},"end":{"line":18,"column":null}},"3":{"start":{"line":21,"column":2},"end":{"line":21,"column":null}}},"fnMap":{"0":{"name":"Button","decl":{"start":{"line":20,"column":24},"end":{"line":20,"column":31}},"loc":{"start":{"line":20,"column":108},"end":{"line":22,"column":null}},"line":20}},"branchMap":{"0":{"loc":{"start":{"line":20,"column":33},"end":{"line":20,"column":54}},"type":"default-arg","locations":[{"start":{"line":20,"column":43},"end":{"line":20,"column":54}}],"line":20},"1":{"loc":{"start":{"line":20,"column":54},"end":{"line":20,"column":67}},"type":"default-arg","locations":[{"start":{"line":20,"column":61},"end":{"line":20,"column":67}}],"line":20},"2":{"loc":{"start":{"line":20,"column":67},"end":{"line":20,"column":83}},"type":"default-arg","locations":[{"start":{"line":20,"column":79},"end":{"line":20,"column":83}}],"line":20}},"s":{"0":5,"1":5,"2":5,"3":129},"f":{"0":129},"b":{"0":[129],"1":[129],"2":[129]},"meta":{"lastBranch":3,"lastFunction":1,"lastStatement":4,"seen":{"s:8:13:8:Infinity":0,"s:9:21:13:Infinity":1,"s:15:18:18:Infinity":2,"f:20:24:20:31":0,"b:20:43:20:54":0,"b:20:61:20:67":1,"b:20:79:20:83":2,"s:21:2:21:Infinity":3}}}
,"C:\\wonky-sprout-os\\components\\ChecklistItem.tsx": {"path":"C:\\wonky-sprout-os\\components\\ChecklistItem.tsx","statementMap":{"0":{"start":{"line":14,"column":52},"end":{"line":49,"column":null}},"1":{"start":{"line":15,"column":29},"end":{"line":15,"column":null}},"2":{"start":{"line":16,"column":18},"end":{"line":16,"column":null}},"3":{"start":{"line":18,"column":23},"end":{"line":18,"column":null}},"4":{"start":{"line":19,"column":20},"end":{"line":19,"column":null}},"5":{"start":{"line":21,"column":23},"end":{"line":33,"column":null}},"6":{"start":{"line":22,"column":25},"end":{"line":22,"column":null}},"7":{"start":{"line":23,"column":4},"end":{"line":23,"column":null}},"8":{"start":{"line":25,"column":4},"end":{"line":32,"column":null}},"9":{"start":{"line":26,"column":6},"end":{"line":28,"column":null}},"10":{"start":{"line":27,"column":8},"end":{"line":27,"column":null}},"11":{"start":{"line":29,"column":6},"end":{"line":31,"column":null}},"12":{"start":{"line":30,"column":8},"end":{"line":30,"column":null}},"13":{"start":{"line":35,"column":2},"end":{"line":47,"column":null}}},"fnMap":{"0":{"name":"(anonymous_0)","decl":{"start":{"line":14,"column":52},"end":{"line":14,"column":53}},"loc":{"start":{"line":14,"column":151},"end":{"line":49,"column":null}},"line":14},"1":{"name":"(anonymous_1)","decl":{"start":{"line":21,"column":23},"end":{"line":21,"column":29}},"loc":{"start":{"line":21,"column":29},"end":{"line":33,"column":null}},"line":21}},"branchMap":{"0":{"loc":{"start":{"line":14,"column":69},"end":{"line":14,"column":85}},"type":"default-arg","locations":[{"start":{"line":14,"column":81},"end":{"line":14,"column":85}}],"line":14},"1":{"loc":{"start":{"line":14,"column":85},"end":{"line":14,"column":100}},"type":"default-arg","locations":[{"start":{"line":14,"column":93},"end":{"line":14,"column":100}}],"line":14},"2":{"loc":{"start":{"line":18,"column":23},"end":{"line":18,"column":null}},"type":"cond-expr","locations":[{"start":{"line":18,"column":31},"end":{"line":18,"column":43}},{"start":{"line":18,"column":43},"end":{"line":18,"column":null}}],"line":18},"3":{"loc":{"start":{"line":19,"column":20},"end":{"line":19,"column":null}},"type":"cond-expr","locations":[{"start":{"line":19,"column":28},"end":{"line":19,"column":40}},{"start":{"line":19,"column":40},"end":{"line":19,"column":null}}],"line":19},"4":{"loc":{"start":{"line":25,"column":4},"end":{"line":32,"column":null}},"type":"if","locations":[{"start":{"line":25,"column":4},"end":{"line":32,"column":null}},{"start":{},"end":{}}],"line":25},"5":{"loc":{"start":{"line":26,"column":6},"end":{"line":28,"column":null}},"type":"if","locations":[{"start":{"line":26,"column":6},"end":{"line":28,"column":null}},{"start":{},"end":{}}],"line":26},"6":{"loc":{"start":{"line":26,"column":10},"end":{"line":26,"column":38}},"type":"binary-expr","locations":[{"start":{"line":26,"column":10},"end":{"line":26,"column":24}},{"start":{"line":26,"column":24},"end":{"line":26,"column":38}}],"line":26},"7":{"loc":{"start":{"line":29,"column":6},"end":{"line":31,"column":null}},"type":"if","locations":[{"start":{"line":29,"column":6},"end":{"line":31,"column":null}},{"start":{},"end":{}}],"line":29},"8":{"loc":{"start":{"line":45,"column":28},"end":{"line":45,"column":89}},"type":"cond-expr","locations":[{"start":{"line":45,"column":38},"end":{"line":45,"column":87}},{"start":{"line":45,"column":87},"end":{"line":45,"column":89}}],"line":45}},"s":{"0":1,"1":0,"2":0,"3":0,"4":0,"5":0,"6":0,"7":0,"8":0,"9":0,"10":0,"11":0,"12":0,"13":0},"f":{"0":0,"1":0},"b":{"0":[0],"1":[0],"2":[0,0],"3":[0,0],"4":[0,0],"5":[0,0],"6":[0,0],"7":[0,0],"8":[0,0]},"meta":{"lastBranch":9,"lastFunction":2,"lastStatement":14,"seen":{"s:14:52:49:Infinity":0,"f:14:52:14:53":0,"b:14:81:14:85":0,"b:14:93:14:100":1,"s:15:29:15:Infinity":1,"s:16:18:16:Infinity":2,"s:18:23:18:Infinity":3,"b:18:31:18:43:18:43:18:Infinity":2,"s:19:20:19:Infinity":4,"b:19:28:19:40:19:40:19:Infinity":3,"s:21:23:33:Infinity":5,"f:21:23:21:29":1,"s:22:25:22:Infinity":6,"s:23:4:23:Infinity":7,"b:25:4:32:Infinity:undefined:undefined:undefined:undefined":4,"s:25:4:32:Infinity":8,"b:26:6:28:Infinity:undefined:undefined:undefined:undefined":5,"s:26:6:28:Infinity":9,"b:26:10:26:24:26:24:26:38":6,"s:27:8:27:Infinity":10,"b:29:6:31:Infinity:undefined:undefined:undefined:undefined":7,"s:29:6:31:Infinity":11,"s:30:8:30:Infinity":12,"s:35:2:47:Infinity":13,"b:45:38:45:87:45:87:45:89":8}}}
,"C:\\wonky-sprout-os\\components\\ContentCard.tsx": {"path":"C:\\wonky-sprout-os\\components\\ContentCard.tsx","statementMap":{"0":{"start":{"line":11,"column":48},"end":{"line":26,"column":null}},"1":{"start":{"line":12,"column":18},"end":{"line":12,"column":null}},"2":{"start":{"line":14,"column":2},"end":{"line":24,"column":null}}},"fnMap":{"0":{"name":"(anonymous_0)","decl":{"start":{"line":11,"column":48},"end":{"line":11,"column":49}},"loc":{"start":{"line":11,"column":129},"end":{"line":26,"column":null}},"line":11}},"branchMap":{"0":{"loc":{"start":{"line":11,"column":68},"end":{"line":11,"column":87}},"type":"default-arg","locations":[{"start":{"line":11,"column":81},"end":{"line":11,"column":87}}],"line":11},"1":{"loc":{"start":{"line":11,"column":87},"end":{"line":11,"column":103}},"type":"default-arg","locations":[{"start":{"line":11,"column":99},"end":{"line":11,"column":103}}],"line":11},"2":{"loc":{"start":{"line":11,"column":103},"end":{"line":11,"column":123}},"type":"default-arg","locations":[{"start":{"line":11,"column":120},"end":{"line":11,"column":123}}],"line":11},"3":{"loc":{"start":{"line":15,"column":30},"end":{"line":15,"column":64}},"type":"cond-expr","locations":[{"start":{"line":15,"column":43},"end":{"line":15,"column":53}},{"start":{"line":15,"column":53},"end":{"line":15,"column":64}}],"line":15},"4":{"loc":{"start":{"line":17,"column":9},"end":{"line":20,"column":null}},"type":"binary-expr","locations":[{"start":{"line":17,"column":9},"end":{"line":17,"column":null}},{"start":{"line":18,"column":10},"end":{"line":20,"column":null}}],"line":17}},"s":{"0":4,"1":73,"2":73},"f":{"0":73},"b":{"0":[73],"1":[73],"2":[73],"3":[73,0],"4":[73,73]},"meta":{"lastBranch":5,"lastFunction":1,"lastStatement":3,"seen":{"s:11:48:26:Infinity":0,"f:11:48:11:49":0,"b:11:81:11:87":0,"b:11:99:11:103":1,"b:11:120:11:123":2,"s:12:18:12:Infinity":1,"s:14:2:24:Infinity":2,"b:15:43:15:53:15:53:15:64":3,"b:17:9:17:Infinity:18:10:20:Infinity":4}}}
,"C:\\wonky-sprout-os\\components\\Modal.tsx": {"path":"C:\\wonky-sprout-os\\components\\Modal.tsx","statementMap":{"0":{"start":{"line":11,"column":26},"end":{"line":18,"column":null}},"1":{"start":{"line":21,"column":8},"end":{"line":21,"column":null}},"2":{"start":{"line":22,"column":8},"end":{"line":22,"column":null}},"3":{"start":{"line":24,"column":2},"end":{"line":59,"column":null}},"4":{"start":{"line":25,"column":4},"end":{"line":25,"column":null}},"5":{"start":{"line":25,"column":17},"end":{"line":25,"column":null}},"6":{"start":{"line":26,"column":4},"end":{"line":26,"column":null}},"7":{"start":{"line":28,"column":22},"end":{"line":28,"column":null}},"8":{"start":{"line":29,"column":4},"end":{"line":29,"column":null}},"9":{"start":{"line":31,"column":22},"end":{"line":49,"column":null}},"10":{"start":{"line":32,"column":6},"end":{"line":34,"column":null}},"11":{"start":{"line":33,"column":8},"end":{"line":33,"column":null}},"12":{"start":{"line":35,"column":6},"end":{"line":48,"column":null}},"13":{"start":{"line":37,"column":22},"end":{"line":37,"column":null}},"14":{"start":{"line":38,"column":8},"end":{"line":38,"column":null}},"15":{"start":{"line":38,"column":42},"end":{"line":38,"column":null}},"16":{"start":{"line":39,"column":22},"end":{"line":39,"column":null}},"17":{"start":{"line":40,"column":21},"end":{"line":40,"column":null}},"18":{"start":{"line":41,"column":8},"end":{"line":47,"column":null}},"19":{"start":{"line":42,"column":10},"end":{"line":42,"column":null}},"20":{"start":{"line":43,"column":10},"end":{"line":43,"column":null}},"21":{"start":{"line":44,"column":8},"end":{"line":47,"column":null}},"22":{"start":{"line":45,"column":10},"end":{"line":45,"column":null}},"23":{"start":{"line":46,"column":10},"end":{"line":46,"column":null}},"24":{"start":{"line":51,"column":4},"end":{"line":51,"column":null}},"25":{"start":{"line":52,"column":4},"end":{"line":52,"column":null}},"26":{"start":{"line":54,"column":4},"end":{"line":58,"column":null}},"27":{"start":{"line":55,"column":6},"end":{"line":55,"column":null}},"28":{"start":{"line":56,"column":6},"end":{"line":56,"column":null}},"29":{"start":{"line":57,"column":6},"end":{"line":57,"column":null}},"30":{"start":{"line":57,"column":30},"end":{"line":57,"column":null}},"31":{"start":{"line":61,"column":2},"end":{"line":61,"column":null}},"32":{"start":{"line":61,"column":15},"end":{"line":61,"column":null}},"33":{"start":{"line":63,"column":2},"end":{"line":82,"column":null}},"34":{"start":{"line":68,"column":8},"end":{"line":68,"column":null}},"35":{"start":{"line":68,"column":69},"end":{"line":68,"column":null}}},"fnMap":{"0":{"name":"Modal","decl":{"start":{"line":20,"column":24},"end":{"line":20,"column":30}},"loc":{"start":{"line":20,"column":121},"end":{"line":84,"column":null}},"line":20},"1":{"name":"(anonymous_1)","decl":{"start":{"line":24,"column":12},"end":{"line":24,"column":18}},"loc":{"start":{"line":24,"column":18},"end":{"line":59,"column":5}},"line":24},"2":{"name":"(anonymous_2)","decl":{"start":{"line":31,"column":22},"end":{"line":31,"column":23}},"loc":{"start":{"line":31,"column":45},"end":{"line":49,"column":null}},"line":31},"3":{"name":"(anonymous_3)","decl":{"start":{"line":54,"column":11},"end":{"line":54,"column":17}},"loc":{"start":{"line":54,"column":17},"end":{"line":58,"column":null}},"line":54},"4":{"name":"(anonymous_4)","decl":{"start":{"line":66,"column":19},"end":{"line":66,"column":20}},"loc":{"start":{"line":66,"column":26},"end":{"line":69,"column":null}},"line":66}},"branchMap":{"0":{"loc":{"start":{"line":20,"column":75},"end":{"line":20,"column":106}},"type":"default-arg","locations":[{"start":{"line":20,"column":100},"end":{"line":20,"column":106}}],"line":20},"1":{"loc":{"start":{"line":25,"column":4},"end":{"line":25,"column":null}},"type":"if","locations":[{"start":{"line":25,"column":4},"end":{"line":25,"column":null}},{"start":{},"end":{}}],"line":25},"2":{"loc":{"start":{"line":29,"column":5},"end":{"line":29,"column":39}},"type":"binary-expr","locations":[{"start":{"line":29,"column":5},"end":{"line":29,"column":18}},{"start":{"line":29,"column":18},"end":{"line":29,"column":39}}],"line":29},"3":{"loc":{"start":{"line":32,"column":6},"end":{"line":34,"column":null}},"type":"if","locations":[{"start":{"line":32,"column":6},"end":{"line":34,"column":null}},{"start":{},"end":{}}],"line":32},"4":{"loc":{"start":{"line":35,"column":6},"end":{"line":48,"column":null}},"type":"if","locations":[{"start":{"line":35,"column":6},"end":{"line":48,"column":null}},{"start":{},"end":{}}],"line":35},"5":{"loc":{"start":{"line":37,"column":22},"end":{"line":37,"column":null}},"type":"binary-expr","locations":[{"start":{"line":37,"column":22},"end":{"line":37,"column":94}},{"start":{"line":37,"column":94},"end":{"line":37,"column":null}}],"line":37},"6":{"loc":{"start":{"line":38,"column":8},"end":{"line":38,"column":null}},"type":"if","locations":[{"start":{"line":38,"column":8},"end":{"line":38,"column":null}},{"start":{},"end":{}}],"line":38},"7":{"loc":{"start":{"line":38,"column":12},"end":{"line":38,"column":42}},"type":"binary-expr","locations":[{"start":{"line":38,"column":12},"end":{"line":38,"column":22}},{"start":{"line":38,"column":22},"end":{"line":38,"column":42}}],"line":38},"8":{"loc":{"start":{"line":41,"column":8},"end":{"line":47,"column":null}},"type":"if","locations":[{"start":{"line":41,"column":8},"end":{"line":47,"column":null}},{"start":{"line":44,"column":8},"end":{"line":47,"column":null}}],"line":41},"9":{"loc":{"start":{"line":41,"column":12},"end":{"line":41,"column":61}},"type":"binary-expr","locations":[{"start":{"line":41,"column":12},"end":{"line":41,"column":27}},{"start":{"line":41,"column":27},"end":{"line":41,"column":61}}],"line":41},"10":{"loc":{"start":{"line":44,"column":8},"end":{"line":47,"column":null}},"type":"if","locations":[{"start":{"line":44,"column":8},"end":{"line":47,"column":null}},{"start":{},"end":{}}],"line":44},"11":{"loc":{"start":{"line":44,"column":19},"end":{"line":44,"column":68}},"type":"binary-expr","locations":[{"start":{"line":44,"column":19},"end":{"line":44,"column":35}},{"start":{"line":44,"column":35},"end":{"line":44,"column":68}}],"line":44},"12":{"loc":{"start":{"line":57,"column":6},"end":{"line":57,"column":null}},"type":"if","locations":[{"start":{"line":57,"column":6},"end":{"line":57,"column":null}},{"start":{},"end":{}}],"line":57},"13":{"loc":{"start":{"line":61,"column":2},"end":{"line":61,"column":null}},"type":"if","locations":[{"start":{"line":61,"column":2},"end":{"line":61,"column":null}},{"start":{},"end":{}}],"line":61},"14":{"loc":{"start":{"line":68,"column":8},"end":{"line":68,"column":null}},"type":"if","locations":[{"start":{"line":68,"column":8},"end":{"line":68,"column":null}},{"start":{},"end":{}}],"line":68},"15":{"loc":{"start":{"line":68,"column":12},"end":{"line":68,"column":69}},"type":"binary-expr","locations":[{"start":{"line":68,"column":12},"end":{"line":68,"column":39}},{"start":{"line":68,"column":39},"end":{"line":68,"column":69}}],"line":68}},"s":{"0":4,"1":3,"2":3,"3":3,"4":3,"5":0,"6":3,"7":3,"8":3,"9":3,"10":1,"11":1,"12":1,"13":0,"14":0,"15":0,"16":0,"17":0,"18":0,"19":0,"20":0,"21":0,"22":0,"23":0,"24":3,"25":3,"26":3,"27":3,"28":3,"29":3,"30":3,"31":3,"32":0,"33":3,"34":0,"35":0},"f":{"0":3,"1":3,"2":1,"3":3,"4":0},"b":{"0":[3],"1":[0,3],"2":[3,0],"3":[1,0],"4":[0,1],"5":[0,0],"6":[0,0],"7":[0,0],"8":[0,0],"9":[0,0],"10":[0,0],"11":[0,0],"12":[3,0],"13":[0,3],"14":[0,0],"15":[0,0]},"meta":{"lastBranch":16,"lastFunction":5,"lastStatement":36,"seen":{"s:11:26:18:Infinity":0,"f:20:24:20:30":0,"b:20:100:20:106":0,"s:21:8:21:Infinity":1,"s:22:8:22:Infinity":2,"s:24:2:59:Infinity":3,"f:24:12:24:18":1,"b:25:4:25:Infinity:undefined:undefined:undefined:undefined":1,"s:25:4:25:Infinity":4,"s:25:17:25:Infinity":5,"s:26:4:26:Infinity":6,"s:28:22:28:Infinity":7,"s:29:4:29:Infinity":8,"b:29:5:29:18:29:18:29:39":2,"s:31:22:49:Infinity":9,"f:31:22:31:23":2,"b:32:6:34:Infinity:undefined:undefined:undefined:undefined":3,"s:32:6:34:Infinity":10,"s:33:8:33:Infinity":11,"b:35:6:48:Infinity:undefined:undefined:undefined:undefined":4,"s:35:6:48:Infinity":12,"s:37:22:37:Infinity":13,"b:37:22:37:94:37:94:37:Infinity":5,"b:38:8:38:Infinity:undefined:undefined:undefined:undefined":6,"s:38:8:38:Infinity":14,"b:38:12:38:22:38:22:38:42":7,"s:38:42:38:Infinity":15,"s:39:22:39:Infinity":16,"s:40:21:40:Infinity":17,"b:41:8:47:Infinity:44:8:47:Infinity":8,"s:41:8:47:Infinity":18,"b:41:12:41:27:41:27:41:61":9,"s:42:10:42:Infinity":19,"s:43:10:43:Infinity":20,"b:44:8:47:Infinity:undefined:undefined:undefined:undefined":10,"s:44:8:47:Infinity":21,"b:44:19:44:35:44:35:44:68":11,"s:45:10:45:Infinity":22,"s:46:10:46:Infinity":23,"s:51:4:51:Infinity":24,"s:52:4:52:Infinity":25,"s:54:4:58:Infinity":26,"f:54:11:54:17":3,"s:55:6:55:Infinity":27,"s:56:6:56:Infinity":28,"b:57:6:57:Infinity:undefined:undefined:undefined:undefined":12,"s:57:6:57:Infinity":29,"s:57:30:57:Infinity":30,"b:61:2:61:Infinity:undefined:undefined:undefined:undefined":13,"s:61:2:61:Infinity":31,"s:61:15:61:Infinity":32,"s:63:2:82:Infinity":33,"f:66:19:66:20":4,"b:68:8:68:Infinity:undefined:undefined:undefined:undefined":14,"s:68:8:68:Infinity":34,"b:68:12:68:39:68:39:68:69":15,"s:68:69:68:Infinity":35}}}
,"C:\\wonky-sprout-os\\components\\PIIWarningModal.tsx": {"path":"C:\\wonky-sprout-os\\components\\PIIWarningModal.tsx","statementMap":{"0":{"start":{"line":9,"column":24},"end":{"line":41,"column":null}},"1":{"start":{"line":10,"column":4},"end":{"line":39,"column":null}},"2":{"start":{"line":29,"column":28},"end":{"line":29,"column":null}}},"fnMap":{"0":{"name":"(anonymous_0)","decl":{"start":{"line":9,"column":24},"end":{"line":9,"column":25}},"loc":{"start":{"line":9,"column":70},"end":{"line":41,"column":null}},"line":9},"1":{"name":"(anonymous_1)","decl":{"start":{"line":28,"column":37},"end":{"line":28,"column":38}},"loc":{"start":{"line":29,"column":28},"end":{"line":29,"column":null}},"line":29}},"branchMap":{},"s":{"0":3,"1":1,"2":1},"f":{"0":1,"1":1},"b":{},"meta":{"lastBranch":0,"lastFunction":2,"lastStatement":3,"seen":{"s:9:24:41:Infinity":0,"f:9:24:9:25":0,"s:10:4:39:Infinity":1,"f:28:37:28:38":1,"s:29:28:29:Infinity":2}}}
,"C:\\wonky-sprout-os\\components\\QuickJump.tsx": {"path":"C:\\wonky-sprout-os\\components\\QuickJump.tsx","statementMap":{"0":{"start":{"line":7,"column":44},"end":{"line":32,"column":null}},"1":{"start":{"line":8,"column":21},"end":{"line":13,"column":null}},"2":{"start":{"line":9,"column":20},"end":{"line":9,"column":null}},"3":{"start":{"line":10,"column":4},"end":{"line":12,"column":null}},"4":{"start":{"line":11,"column":6},"end":{"line":11,"column":null}},"5":{"start":{"line":15,"column":2},"end":{"line":30,"column":null}},"6":{"start":{"line":20,"column":10},"end":{"line":27,"column":null}},"7":{"start":{"line":22,"column":29},"end":{"line":22,"column":null}}},"fnMap":{"0":{"name":"(anonymous_0)","decl":{"start":{"line":7,"column":44},"end":{"line":7,"column":45}},"loc":{"start":{"line":7,"column":62},"end":{"line":32,"column":null}},"line":7},"1":{"name":"(anonymous_1)","decl":{"start":{"line":8,"column":21},"end":{"line":8,"column":22}},"loc":{"start":{"line":8,"column":37},"end":{"line":13,"column":null}},"line":8},"2":{"name":"(anonymous_2)","decl":{"start":{"line":19,"column":22},"end":{"line":19,"column":null}},"loc":{"start":{"line":20,"column":10},"end":{"line":27,"column":null}},"line":20},"3":{"name":"(anonymous_3)","decl":{"start":{"line":22,"column":23},"end":{"line":22,"column":29}},"loc":{"start":{"line":22,"column":29},"end":{"line":22,"column":null}},"line":22}},"branchMap":{"0":{"loc":{"start":{"line":10,"column":4},"end":{"line":12,"column":null}},"type":"if","locations":[{"start":{"line":10,"column":4},"end":{"line":12,"column":null}},{"start":{},"end":{}}],"line":10}},"s":{"0":1,"1":0,"2":0,"3":0,"4":0,"5":0,"6":0,"7":0},"f":{"0":0,"1":0,"2":0,"3":0},"b":{"0":[0,0]},"meta":{"lastBranch":1,"lastFunction":4,"lastStatement":8,"seen":{"s:7:44:32:Infinity":0,"f:7:44:7:45":0,"s:8:21:13:Infinity":1,"f:8:21:8:22":1,"s:9:20:9:Infinity":2,"b:10:4:12:Infinity:undefined:undefined:undefined:undefined":0,"s:10:4:12:Infinity":3,"s:11:6:11:Infinity":4,"s:15:2:30:Infinity":5,"f:19:22:19:Infinity":2,"s:20:10:27:Infinity":6,"f:22:23:22:29":3,"s:22:29:22:Infinity":7}}}
,"C:\\wonky-sprout-os\\components\\Skeleton.tsx": {"path":"C:\\wonky-sprout-os\\components\\Skeleton.tsx","statementMap":{"0":{"start":{"line":3,"column":54},"end":{"line":8,"column":null}},"1":{"start":{"line":4,"column":2},"end":{"line":8,"column":null}},"2":{"start":{"line":6,"column":6},"end":{"line":6,"column":null}}},"fnMap":{"0":{"name":"(anonymous_0)","decl":{"start":{"line":3,"column":54},"end":{"line":3,"column":55}},"loc":{"start":{"line":4,"column":2},"end":{"line":8,"column":null}},"line":4},"1":{"name":"(anonymous_1)","decl":{"start":{"line":5,"column":39},"end":{"line":5,"column":40}},"loc":{"start":{"line":6,"column":6},"end":{"line":6,"column":null}},"line":6}},"branchMap":{"0":{"loc":{"start":{"line":3,"column":57},"end":{"line":3,"column":67}},"type":"default-arg","locations":[{"start":{"line":3,"column":65},"end":{"line":3,"column":67}}],"line":3}},"s":{"0":2,"1":0,"2":0},"f":{"0":0,"1":0},"b":{"0":[0]},"meta":{"lastBranch":1,"lastFunction":2,"lastStatement":3,"seen":{"s:3:54:8:Infinity":0,"f:3:54:3:55":0,"s:4:2:8:Infinity":1,"b:3:65:3:67":0,"f:5:39:5:40":1,"s:6:6:6:Infinity":2}}}
,"C:\\wonky-sprout-os\\components\\SopCard.tsx": {"path":"C:\\wonky-sprout-os\\components\\SopCard.tsx","statementMap":{"0":{"start":{"line":9,"column":40},"end":{"line":46,"column":null}},"1":{"start":{"line":10,"column":19},"end":{"line":10,"column":null}},"2":{"start":{"line":12,"column":24},"end":{"line":14,"column":null}},"3":{"start":{"line":13,"column":4},"end":{"line":13,"column":null}},"4":{"start":{"line":17,"column":4},"end":{"line":26,"column":null}},"5":{"start":{"line":29,"column":2},"end":{"line":39,"column":null}},"6":{"start":{"line":30,"column":4},"end":{"line":37,"column":null}},"7":{"start":{"line":32,"column":23},"end":{"line":32,"column":null}},"8":{"start":{"line":41,"column":2},"end":{"line":44,"column":null}}},"fnMap":{"0":{"name":"(anonymous_0)","decl":{"start":{"line":9,"column":40},"end":{"line":9,"column":41}},"loc":{"start":{"line":9,"column":53},"end":{"line":46,"column":null}},"line":9},"1":{"name":"(anonymous_1)","decl":{"start":{"line":12,"column":24},"end":{"line":12,"column":25}},"loc":{"start":{"line":12,"column":44},"end":{"line":14,"column":null}},"line":12},"2":{"name":"(anonymous_2)","decl":{"start":{"line":32,"column":17},"end":{"line":32,"column":23}},"loc":{"start":{"line":32,"column":23},"end":{"line":32,"column":null}},"line":32}},"branchMap":{"0":{"loc":{"start":{"line":29,"column":2},"end":{"line":39,"column":null}},"type":"if","locations":[{"start":{"line":29,"column":2},"end":{"line":39,"column":null}},{"start":{},"end":{}}],"line":29}},"s":{"0":1,"1":35,"2":35,"3":0,"4":35,"5":35,"6":35,"7":0,"8":0},"f":{"0":35,"1":0,"2":0},"b":{"0":[35,0]},"meta":{"lastBranch":1,"lastFunction":3,"lastStatement":9,"seen":{"s:9:40:46:Infinity":0,"f:9:40:9:41":0,"s:10:19:10:Infinity":1,"s:12:24:14:Infinity":2,"f:12:24:12:25":1,"s:13:4:13:Infinity":3,"s:17:4:26:Infinity":4,"b:29:2:39:Infinity:undefined:undefined:undefined:undefined":0,"s:29:2:39:Infinity":5,"s:30:4:37:Infinity":6,"f:32:17:32:23":2,"s:32:23:32:Infinity":7,"s:41:2:44:Infinity":8}}}
,"C:\\wonky-sprout-os\\components\\SopVault.tsx": {"path":"C:\\wonky-sprout-os\\components\\SopVault.tsx","statementMap":{"0":{"start":{"line":10,"column":27},"end":{"line":172,"column":null}},"1":{"start":{"line":11,"column":29},"end":{"line":11,"column":null}},"2":{"start":{"line":12,"column":37},"end":{"line":12,"column":null}},"3":{"start":{"line":13,"column":34},"end":{"line":13,"column":null}},"4":{"start":{"line":15,"column":8},"end":{"line":18,"column":null}},"5":{"start":{"line":16,"column":4},"end":{"line":16,"column":null}},"6":{"start":{"line":16,"column":24},"end":{"line":16,"column":51}},"7":{"start":{"line":20,"column":8},"end":{"line":29,"column":null}},"8":{"start":{"line":21,"column":4},"end":{"line":23,"column":null}},"9":{"start":{"line":22,"column":6},"end":{"line":22,"column":null}},"10":{"start":{"line":24,"column":29},"end":{"line":24,"column":null}},"11":{"start":{"line":25,"column":4},"end":{"line":28,"column":null}},"12":{"start":{"line":26,"column":6},"end":{"line":27,"column":null}},"13":{"start":{"line":31,"column":24},"end":{"line":33,"column":null}},"14":{"start":{"line":32,"column":4},"end":{"line":32,"column":null}},"15":{"start":{"line":35,"column":32},"end":{"line":52,"column":null}},"16":{"start":{"line":36,"column":4},"end":{"line":36,"column":null}},"17":{"start":{"line":36,"column":37},"end":{"line":36,"column":null}},"18":{"start":{"line":37,"column":4},"end":{"line":50,"column":null}},"19":{"start":{"line":47,"column":12},"end":{"line":47,"column":null}},"20":{"start":{"line":54,"column":29},"end":{"line":89,"column":null}},"21":{"start":{"line":55,"column":111},"end":{"line":64,"column":null}},"22":{"start":{"line":66,"column":4},"end":{"line":74,"column":null}},"23":{"start":{"line":67,"column":6},"end":{"line":72,"column":null}},"24":{"start":{"line":70,"column":12},"end":{"line":70,"column":null}},"25":{"start":{"line":76,"column":4},"end":{"line":87,"column":null}},"26":{"start":{"line":80,"column":11},"end":{"line":84,"column":null}},"27":{"start":{"line":81,"column":13},"end":{"line":81,"column":null}},"28":{"start":{"line":81,"column":55},"end":{"line":81,"column":82}},"29":{"start":{"line":83,"column":13},"end":{"line":83,"column":null}},"30":{"start":{"line":83,"column":55},"end":{"line":83,"column":116}},"31":{"start":{"line":85,"column":10},"end":{"line":85,"column":null}},"32":{"start":{"line":91,"column":2},"end":{"line":170,"column":null}},"33":{"start":{"line":104,"column":27},"end":{"line":104,"column":null}},"34":{"start":{"line":120,"column":33},"end":{"line":120,"column":null}},"35":{"start":{"line":132,"column":16},"end":{"line":136,"column":null}},"36":{"start":{"line":134,"column":35},"end":{"line":134,"column":null}},"37":{"start":{"line":135,"column":18},"end":{"line":135,"column":null}},"38":{"start":{"line":147,"column":22},"end":{"line":147,"column":null}},"39":{"start":{"line":148,"column":16},"end":{"line":159,"column":null}},"40":{"start":{"line":149,"column":18},"end":{"line":149,"column":null}},"41":{"start":{"line":150,"column":18},"end":{"line":150,"column":null}},"42":{"start":{"line":152,"column":31},"end":{"line":152,"column":null}},"43":{"start":{"line":153,"column":30},"end":{"line":153,"column":null}},"44":{"start":{"line":154,"column":28},"end":{"line":154,"column":null}},"45":{"start":{"line":155,"column":18},"end":{"line":155,"column":null}},"46":{"start":{"line":156,"column":18},"end":{"line":156,"column":null}},"47":{"start":{"line":157,"column":18},"end":{"line":157,"column":null}},"48":{"start":{"line":158,"column":18},"end":{"line":158,"column":null}}},"fnMap":{"0":{"name":"(anonymous_0)","decl":{"start":{"line":10,"column":27},"end":{"line":10,"column":33}},"loc":{"start":{"line":10,"column":33},"end":{"line":172,"column":null}},"line":10},"1":{"name":"(anonymous_1)","decl":{"start":{"line":15,"column":26},"end":{"line":15,"column":null}},"loc":{"start":{"line":16,"column":4},"end":{"line":16,"column":null}},"line":16},"2":{"name":"(anonymous_2)","decl":{"start":{"line":16,"column":17},"end":{"line":16,"column":24}},"loc":{"start":{"line":16,"column":24},"end":{"line":16,"column":51}},"line":16},"3":{"name":"(anonymous_3)","decl":{"start":{"line":20,"column":31},"end":{"line":20,"column":37}},"loc":{"start":{"line":20,"column":37},"end":{"line":29,"column":5}},"line":20},"4":{"name":"(anonymous_4)","decl":{"start":{"line":25,"column":26},"end":{"line":25,"column":null}},"loc":{"start":{"line":26,"column":6},"end":{"line":27,"column":null}},"line":26},"5":{"name":"(anonymous_5)","decl":{"start":{"line":31,"column":24},"end":{"line":31,"column":25}},"loc":{"start":{"line":31,"column":44},"end":{"line":33,"column":null}},"line":31},"6":{"name":"(anonymous_6)","decl":{"start":{"line":35,"column":32},"end":{"line":35,"column":33}},"loc":{"start":{"line":35,"column":95},"end":{"line":52,"column":null}},"line":35},"7":{"name":"(anonymous_7)","decl":{"start":{"line":46,"column":30},"end":{"line":46,"column":31}},"loc":{"start":{"line":47,"column":12},"end":{"line":47,"column":null}},"line":47},"8":{"name":"(anonymous_8)","decl":{"start":{"line":54,"column":29},"end":{"line":54,"column":35}},"loc":{"start":{"line":54,"column":35},"end":{"line":89,"column":null}},"line":54},"9":{"name":"(anonymous_9)","decl":{"start":{"line":69,"column":28},"end":{"line":69,"column":29}},"loc":{"start":{"line":70,"column":12},"end":{"line":70,"column":null}},"line":70},"10":{"name":"(anonymous_10)","decl":{"start":{"line":78,"column":22},"end":{"line":78,"column":23}},"loc":{"start":{"line":78,"column":71},"end":{"line":86,"column":9}},"line":78},"11":{"name":"(anonymous_11)","decl":{"start":{"line":81,"column":50},"end":{"line":81,"column":55}},"loc":{"start":{"line":81,"column":55},"end":{"line":81,"column":82}},"line":81},"12":{"name":"(anonymous_12)","decl":{"start":{"line":83,"column":50},"end":{"line":83,"column":55}},"loc":{"start":{"line":83,"column":55},"end":{"line":83,"column":116}},"line":83},"13":{"name":"(anonymous_13)","decl":{"start":{"line":104,"column":21},"end":{"line":104,"column":27}},"loc":{"start":{"line":104,"column":27},"end":{"line":104,"column":null}},"line":104},"14":{"name":"(anonymous_14)","decl":{"start":{"line":120,"column":26},"end":{"line":120,"column":27}},"loc":{"start":{"line":120,"column":33},"end":{"line":120,"column":null}},"line":120},"15":{"name":"(anonymous_15)","decl":{"start":{"line":130,"column":23},"end":{"line":130,"column":29}},"loc":{"start":{"line":130,"column":29},"end":{"line":137,"column":null}},"line":130},"16":{"name":"(anonymous_16)","decl":{"start":{"line":132,"column":44},"end":{"line":132,"column":45}},"loc":{"start":{"line":132,"column":51},"end":{"line":136,"column":17}},"line":132},"17":{"name":"(anonymous_17)","decl":{"start":{"line":146,"column":23},"end":{"line":146,"column":29}},"loc":{"start":{"line":146,"column":29},"end":{"line":160,"column":null}},"line":146}},"branchMap":{"0":{"loc":{"start":{"line":16,"column":24},"end":{"line":16,"column":51}},"type":"binary-expr","locations":[{"start":{"line":16,"column":24},"end":{"line":16,"column":48}},{"start":{"line":16,"column":48},"end":{"line":16,"column":51}}],"line":16},"1":{"loc":{"start":{"line":21,"column":4},"end":{"line":23,"column":null}},"type":"if","locations":[{"start":{"line":21,"column":4},"end":{"line":23,"column":null}},{"start":{},"end":{}}],"line":21},"2":{"loc":{"start":{"line":26,"column":6},"end":{"line":27,"column":null}},"type":"binary-expr","locations":[{"start":{"line":26,"column":6},"end":{"line":26,"column":null}},{"start":{"line":27,"column":6},"end":{"line":27,"column":null}}],"line":26},"3":{"loc":{"start":{"line":36,"column":4},"end":{"line":36,"column":null}},"type":"if","locations":[{"start":{"line":36,"column":4},"end":{"line":36,"column":null}},{"start":{},"end":{}}],"line":36},"4":{"loc":{"start":{"line":66,"column":4},"end":{"line":74,"column":null}},"type":"if","locations":[{"start":{"line":66,"column":4},"end":{"line":74,"column":null}},{"start":{},"end":{}}],"line":66},"5":{"loc":{"start":{"line":80,"column":11},"end":{"line":84,"column":null}},"type":"if","locations":[{"start":{"line":80,"column":11},"end":{"line":84,"column":null}},{"start":{"line":82,"column":18},"end":{"line":84,"column":null}}],"line":80},"6":{"loc":{"start":{"line":83,"column":55},"end":{"line":83,"column":116}},"type":"binary-expr","locations":[{"start":{"line":83,"column":55},"end":{"line":83,"column":88}},{"start":{"line":83,"column":88},"end":{"line":83,"column":116}}],"line":83},"7":{"loc":{"start":{"line":148,"column":16},"end":{"line":159,"column":null}},"type":"if","locations":[{"start":{"line":148,"column":16},"end":{"line":159,"column":null}},{"start":{"line":151,"column":23},"end":{"line":159,"column":null}}],"line":148}},"s":{"0":1,"1":3,"2":3,"3":3,"4":3,"5":2,"6":32,"7":3,"8":2,"9":2,"10":0,"11":0,"12":0,"13":3,"14":0,"15":3,"16":16,"17":1,"18":15,"19":35,"20":3,"21":2,"22":2,"23":0,"24":0,"25":2,"26":16,"27":2,"28":35,"29":14,"30":245,"31":16,"32":3,"33":0,"34":0,"35":1,"36":3,"37":3,"38":0,"39":0,"40":0,"41":0,"42":0,"43":0,"44":0,"45":0,"46":0,"47":0,"48":0},"f":{"0":3,"1":2,"2":32,"3":2,"4":0,"5":0,"6":16,"7":35,"8":2,"9":0,"10":16,"11":35,"12":245,"13":0,"14":0,"15":1,"16":3,"17":0},"b":{"0":[32,32],"1":[2,0],"2":[0,0],"3":[1,15],"4":[0,2],"5":[2,14],"6":[245,32],"7":[0,0]},"meta":{"lastBranch":8,"lastFunction":18,"lastStatement":49,"seen":{"s:10:27:172:Infinity":0,"f:10:27:10:33":0,"s:11:29:11:Infinity":1,"s:12:37:12:Infinity":2,"s:13:34:13:Infinity":3,"s:15:8:18:Infinity":4,"f:15:26:15:Infinity":1,"s:16:4:16:Infinity":5,"f:16:17:16:24":2,"s:16:24:16:51":6,"b:16:24:16:48:16:48:16:51":0,"s:20:8:29:Infinity":7,"f:20:31:20:37":3,"b:21:4:23:Infinity:undefined:undefined:undefined:undefined":1,"s:21:4:23:Infinity":8,"s:22:6:22:Infinity":9,"s:24:29:24:Infinity":10,"s:25:4:28:Infinity":11,"f:25:26:25:Infinity":4,"s:26:6:27:Infinity":12,"b:26:6:26:Infinity:27:6:27:Infinity":2,"s:31:24:33:Infinity":13,"f:31:24:31:25":5,"s:32:4:32:Infinity":14,"s:35:32:52:Infinity":15,"f:35:32:35:33":6,"b:36:4:36:Infinity:undefined:undefined:undefined:undefined":3,"s:36:4:36:Infinity":16,"s:36:37:36:Infinity":17,"s:37:4:50:Infinity":18,"f:46:30:46:31":7,"s:47:12:47:Infinity":19,"s:54:29:89:Infinity":20,"f:54:29:54:35":8,"s:55:111:64:Infinity":21,"b:66:4:74:Infinity:undefined:undefined:undefined:undefined":4,"s:66:4:74:Infinity":22,"s:67:6:72:Infinity":23,"f:69:28:69:29":9,"s:70:12:70:Infinity":24,"s:76:4:87:Infinity":25,"f:78:22:78:23":10,"b:80:11:84:Infinity:82:18:84:Infinity":5,"s:80:11:84:Infinity":26,"s:81:13:81:Infinity":27,"f:81:50:81:55":11,"s:81:55:81:82":28,"s:83:13:83:Infinity":29,"f:83:50:83:55":12,"s:83:55:83:116":30,"b:83:55:83:88:83:88:83:116":6,"s:85:10:85:Infinity":31,"s:91:2:170:Infinity":32,"f:104:21:104:27":13,"s:104:27:104:Infinity":33,"f:120:26:120:27":14,"s:120:33:120:Infinity":34,"f:130:23:130:29":15,"s:132:16:136:Infinity":35,"f:132:44:132:45":16,"s:134:35:134:Infinity":36,"s:135:18:135:Infinity":37,"f:146:23:146:29":17,"s:147:22:147:Infinity":38,"b:148:16:159:Infinity:151:23:159:Infinity":7,"s:148:16:159:Infinity":39,"s:149:18:149:Infinity":40,"s:150:18:150:Infinity":41,"s:152:31:152:Infinity":42,"s:153:30:153:Infinity":43,"s:154:28:154:Infinity":44,"s:155:18:155:Infinity":45,"s:156:18:156:Infinity":46,"s:157:18:157:Infinity":47,"s:158:18:158:Infinity":48}}}
,"C:\\wonky-sprout-os\\components\\WonkyToolkit.tsx": {"path":"C:\\wonky-sprout-os\\components\\WonkyToolkit.tsx","statementMap":{"0":{"start":{"line":6,"column":31},"end":{"line":63,"column":null}},"1":{"start":{"line":7,"column":29},"end":{"line":7,"column":null}},"2":{"start":{"line":9,"column":24},"end":{"line":12,"column":null}},"3":{"start":{"line":10,"column":4},"end":{"line":10,"column":null}},"4":{"start":{"line":11,"column":4},"end":{"line":11,"column":null}},"5":{"start":{"line":14,"column":29},"end":{"line":16,"column":null}},"6":{"start":{"line":15,"column":4},"end":{"line":15,"column":null}},"7":{"start":{"line":18,"column":27},"end":{"line":20,"column":null}},"8":{"start":{"line":19,"column":4},"end":{"line":19,"column":null}},"9":{"start":{"line":22,"column":27},"end":{"line":24,"column":null}},"10":{"start":{"line":23,"column":4},"end":{"line":23,"column":null}},"11":{"start":{"line":26,"column":2},"end":{"line":61,"column":null}},"12":{"start":{"line":55,"column":35},"end":{"line":55,"column":86}},"13":{"start":{"line":56,"column":35},"end":{"line":56,"column":75}},"14":{"start":{"line":57,"column":35},"end":{"line":57,"column":135}}},"fnMap":{"0":{"name":"(anonymous_0)","decl":{"start":{"line":6,"column":31},"end":{"line":6,"column":37}},"loc":{"start":{"line":6,"column":37},"end":{"line":63,"column":null}},"line":6},"1":{"name":"(anonymous_1)","decl":{"start":{"line":9,"column":24},"end":{"line":9,"column":30}},"loc":{"start":{"line":9,"column":30},"end":{"line":12,"column":null}},"line":9},"2":{"name":"(anonymous_2)","decl":{"start":{"line":14,"column":29},"end":{"line":14,"column":35}},"loc":{"start":{"line":14,"column":35},"end":{"line":16,"column":null}},"line":14},"3":{"name":"(anonymous_3)","decl":{"start":{"line":18,"column":27},"end":{"line":18,"column":33}},"loc":{"start":{"line":18,"column":33},"end":{"line":20,"column":null}},"line":18},"4":{"name":"(anonymous_4)","decl":{"start":{"line":22,"column":27},"end":{"line":22,"column":33}},"loc":{"start":{"line":22,"column":33},"end":{"line":24,"column":null}},"line":22},"5":{"name":"(anonymous_5)","decl":{"start":{"line":55,"column":29},"end":{"line":55,"column":35}},"loc":{"start":{"line":55,"column":35},"end":{"line":55,"column":86}},"line":55},"6":{"name":"(anonymous_6)","decl":{"start":{"line":56,"column":29},"end":{"line":56,"column":35}},"loc":{"start":{"line":56,"column":35},"end":{"line":56,"column":75}},"line":56},"7":{"name":"(anonymous_7)","decl":{"start":{"line":57,"column":29},"end":{"line":57,"column":35}},"loc":{"start":{"line":57,"column":35},"end":{"line":57,"column":135}},"line":57}},"branchMap":{"0":{"loc":{"start":{"line":57,"column":96},"end":{"line":57,"column":129}},"type":"binary-expr","locations":[{"start":{"line":57,"column":96},"end":{"line":57,"column":124}},{"start":{"line":57,"column":124},"end":{"line":57,"column":129}}],"line":57}},"s":{"0":1,"1":14,"2":14,"3":1,"4":1,"5":14,"6":1,"7":14,"8":1,"9":14,"10":1,"11":14,"12":1,"13":1,"14":1},"f":{"0":14,"1":1,"2":1,"3":1,"4":1,"5":1,"6":1,"7":1},"b":{"0":[1,0]},"meta":{"lastBranch":1,"lastFunction":8,"lastStatement":15,"seen":{"s:6:31:63:Infinity":0,"f:6:31:6:37":0,"s:7:29:7:Infinity":1,"s:9:24:12:Infinity":2,"f:9:24:9:30":1,"s:10:4:10:Infinity":3,"s:11:4:11:Infinity":4,"s:14:29:16:Infinity":5,"f:14:29:14:35":2,"s:15:4:15:Infinity":6,"s:18:27:20:Infinity":7,"f:18:27:18:33":3,"s:19:4:19:Infinity":8,"s:22:27:24:Infinity":9,"f:22:27:22:33":4,"s:23:4:23:Infinity":10,"s:26:2:61:Infinity":11,"f:55:29:55:35":5,"s:55:35:55:86":12,"f:56:29:56:35":6,"s:56:35:56:75":13,"f:57:29:57:35":7,"s:57:35:57:135":14,"b:57:96:57:124:57:124:57:129":0}}}
,"C:\\wonky-sprout-os\\components\\insights\\AITrendAnalysis.tsx": {"path":"C:\\wonky-sprout-os\\components\\insights\\AITrendAnalysis.tsx","statementMap":{"0":{"start":{"line":12,"column":14},"end":{"line":12,"column":null}},"1":{"start":{"line":12,"column":24},"end":{"line":12,"column":null}},"2":{"start":{"line":14,"column":19},"end":{"line":20,"column":null}},"3":{"start":{"line":15,"column":17},"end":{"line":15,"column":null}},"4":{"start":{"line":16,"column":4},"end":{"line":16,"column":null}},"5":{"start":{"line":17,"column":22},"end":{"line":17,"column":null}},"6":{"start":{"line":18,"column":19},"end":{"line":18,"column":null}},"7":{"start":{"line":19,"column":4},"end":{"line":19,"column":null}},"8":{"start":{"line":22,"column":18},"end":{"line":22,"column":null}},"9":{"start":{"line":25,"column":24},"end":{"line":148,"column":null}},"10":{"start":{"line":26,"column":21},"end":{"line":26,"column":null}},"11":{"start":{"line":27,"column":32},"end":{"line":27,"column":null}},"12":{"start":{"line":28,"column":30},"end":{"line":28,"column":null}},"13":{"start":{"line":29,"column":26},"end":{"line":29,"column":null}},"14":{"start":{"line":34,"column":4},"end":{"line":34,"column":null}},"15":{"start":{"line":35,"column":10},"end":{"line":35,"column":null}},"16":{"start":{"line":37,"column":27},"end":{"line":80,"column":null}},"17":{"start":{"line":38,"column":26},"end":{"line":38,"column":null}},"18":{"start":{"line":39,"column":24},"end":{"line":39,"column":null}},"19":{"start":{"line":40,"column":26},"end":{"line":40,"column":null}},"20":{"start":{"line":41,"column":8},"end":{"line":41,"column":null}},"21":{"start":{"line":43,"column":34},"end":{"line":47,"column":null}},"22":{"start":{"line":44,"column":32},"end":{"line":44,"column":88}},"23":{"start":{"line":46,"column":39},"end":{"line":46,"column":174}},"24":{"start":{"line":46,"column":84},"end":{"line":46,"column":160}},"25":{"start":{"line":46,"column":123},"end":{"line":46,"column":134}},"26":{"start":{"line":49,"column":36},"end":{"line":52,"column":null}},"27":{"start":{"line":50,"column":27},"end":{"line":50,"column":91}},"28":{"start":{"line":51,"column":24},"end":{"line":51,"column":121}},"29":{"start":{"line":54,"column":37},"end":{"line":57,"column":null}},"30":{"start":{"line":55,"column":29},"end":{"line":55,"column":97}},"31":{"start":{"line":56,"column":26},"end":{"line":56,"column":74}},"32":{"start":{"line":59,"column":8},"end":{"line":76,"column":null}},"33":{"start":{"line":82,"column":24},"end":{"line":97,"column":null}},"34":{"start":{"line":83,"column":8},"end":{"line":83,"column":null}},"35":{"start":{"line":84,"column":8},"end":{"line":84,"column":null}},"36":{"start":{"line":85,"column":23},"end":{"line":85,"column":null}},"37":{"start":{"line":86,"column":12},"end":{"line":96,"column":null}},"38":{"start":{"line":87,"column":29},"end":{"line":87,"column":null}},"39":{"start":{"line":88,"column":33},"end":{"line":88,"column":null}},"40":{"start":{"line":89,"column":12},"end":{"line":89,"column":null}},"41":{"start":{"line":90,"column":35},"end":{"line":90,"column":null}},"42":{"start":{"line":91,"column":12},"end":{"line":91,"column":null}},"43":{"start":{"line":93,"column":12},"end":{"line":93,"column":null}},"44":{"start":{"line":95,"column":12},"end":{"line":95,"column":null}},"45":{"start":{"line":99,"column":28},"end":{"line":99,"column":null}},"46":{"start":{"line":99,"column":34},"end":{"line":99,"column":null}},"47":{"start":{"line":101,"column":4},"end":{"line":116,"column":null}},"48":{"start":{"line":102,"column":31},"end":{"line":102,"column":null}},"49":{"start":{"line":103,"column":27},"end":{"line":103,"column":null}},"50":{"start":{"line":104,"column":8},"end":{"line":112,"column":null}},"51":{"start":{"line":105,"column":12},"end":{"line":111,"column":null}},"52":{"start":{"line":106,"column":31},"end":{"line":106,"column":null}},"53":{"start":{"line":107,"column":16},"end":{"line":110,"column":null}},"54":{"start":{"line":108,"column":20},"end":{"line":108,"column":null}},"55":{"start":{"line":109,"column":20},"end":{"line":109,"column":null}},"56":{"start":{"line":111,"column":26},"end":{"line":111,"column":79}},"57":{"start":{"line":114,"column":8},"end":{"line":114,"column":null}},"58":{"start":{"line":118,"column":4},"end":{"line":146,"column":null}}},"fnMap":{"0":{"name":"(anonymous_0)","decl":{"start":{"line":12,"column":14},"end":{"line":12,"column":15}},"loc":{"start":{"line":12,"column":24},"end":{"line":12,"column":null}},"line":12},"1":{"name":"(anonymous_1)","decl":{"start":{"line":14,"column":19},"end":{"line":14,"column":20}},"loc":{"start":{"line":14,"column":26},"end":{"line":20,"column":null}},"line":14},"2":{"name":"(anonymous_2)","decl":{"start":{"line":25,"column":24},"end":{"line":25,"column":30}},"loc":{"start":{"line":25,"column":30},"end":{"line":148,"column":null}},"line":25},"3":{"name":"(anonymous_3)","decl":{"start":{"line":37,"column":27},"end":{"line":37,"column":33}},"loc":{"start":{"line":37,"column":33},"end":{"line":80,"column":null}},"line":37},"4":{"name":"(anonymous_4)","decl":{"start":{"line":44,"column":20},"end":{"line":44,"column":21}},"loc":{"start":{"line":44,"column":32},"end":{"line":44,"column":88}},"line":44},"5":{"name":"(anonymous_5)","decl":{"start":{"line":46,"column":17},"end":{"line":46,"column":18}},"loc":{"start":{"line":46,"column":39},"end":{"line":46,"column":174}},"line":46},"6":{"name":"(anonymous_6)","decl":{"start":{"line":46,"column":78},"end":{"line":46,"column":84}},"loc":{"start":{"line":46,"column":84},"end":{"line":46,"column":160}},"line":46},"7":{"name":"(anonymous_7)","decl":{"start":{"line":46,"column":118},"end":{"line":46,"column":123}},"loc":{"start":{"line":46,"column":123},"end":{"line":46,"column":134}},"line":46},"8":{"name":"(anonymous_8)","decl":{"start":{"line":50,"column":20},"end":{"line":50,"column":27}},"loc":{"start":{"line":50,"column":27},"end":{"line":50,"column":91}},"line":50},"9":{"name":"(anonymous_9)","decl":{"start":{"line":51,"column":17},"end":{"line":51,"column":24}},"loc":{"start":{"line":51,"column":24},"end":{"line":51,"column":121}},"line":51},"10":{"name":"(anonymous_10)","decl":{"start":{"line":55,"column":20},"end":{"line":55,"column":29}},"loc":{"start":{"line":55,"column":29},"end":{"line":55,"column":97}},"line":55},"11":{"name":"(anonymous_11)","decl":{"start":{"line":56,"column":17},"end":{"line":56,"column":26}},"loc":{"start":{"line":56,"column":26},"end":{"line":56,"column":74}},"line":56},"12":{"name":"(anonymous_12)","decl":{"start":{"line":82,"column":24},"end":{"line":82,"column":36}},"loc":{"start":{"line":82,"column":36},"end":{"line":97,"column":null}},"line":82},"13":{"name":"(anonymous_13)","decl":{"start":{"line":99,"column":28},"end":{"line":99,"column":34}},"loc":{"start":{"line":99,"column":34},"end":{"line":99,"column":null}},"line":99},"14":{"name":"(anonymous_14)","decl":{"start":{"line":101,"column":14},"end":{"line":101,"column":20}},"loc":{"start":{"line":101,"column":20},"end":{"line":116,"column":7}},"line":101}},"branchMap":{"0":{"loc":{"start":{"line":16,"column":45},"end":{"line":16,"column":65}},"type":"binary-expr","locations":[{"start":{"line":16,"column":45},"end":{"line":16,"column":63}},{"start":{"line":16,"column":63},"end":{"line":16,"column":65}}],"line":16},"1":{"loc":{"start":{"line":44,"column":32},"end":{"line":44,"column":88}},"type":"binary-expr","locations":[{"start":{"line":44,"column":32},"end":{"line":44,"column":63}},{"start":{"line":44,"column":63},"end":{"line":44,"column":88}}],"line":44},"2":{"loc":{"start":{"line":46,"column":84},"end":{"line":46,"column":160}},"type":"binary-expr","locations":[{"start":{"line":46,"column":84},"end":{"line":46,"column":145}},{"start":{"line":46,"column":145},"end":{"line":46,"column":160}}],"line":46},"3":{"loc":{"start":{"line":50,"column":27},"end":{"line":50,"column":91}},"type":"binary-expr","locations":[{"start":{"line":50,"column":27},"end":{"line":50,"column":62}},{"start":{"line":50,"column":62},"end":{"line":50,"column":91}}],"line":50},"4":{"loc":{"start":{"line":55,"column":29},"end":{"line":55,"column":97}},"type":"binary-expr","locations":[{"start":{"line":55,"column":29},"end":{"line":55,"column":66}},{"start":{"line":55,"column":66},"end":{"line":55,"column":97}}],"line":55},"5":{"loc":{"start":{"line":70,"column":14},"end":{"line":70,"column":51}},"type":"binary-expr","locations":[{"start":{"line":70,"column":14},"end":{"line":70,"column":35}},{"start":{"line":70,"column":35},"end":{"line":70,"column":51}}],"line":70},"6":{"loc":{"start":{"line":73,"column":14},"end":{"line":73,"column":55}},"type":"binary-expr","locations":[{"start":{"line":73,"column":14},"end":{"line":73,"column":37}},{"start":{"line":73,"column":37},"end":{"line":73,"column":55}}],"line":73},"7":{"loc":{"start":{"line":76,"column":14},"end":{"line":76,"column":57}},"type":"binary-expr","locations":[{"start":{"line":76,"column":14},"end":{"line":76,"column":38}},{"start":{"line":76,"column":38},"end":{"line":76,"column":57}}],"line":76},"8":{"loc":{"start":{"line":88,"column":33},"end":{"line":88,"column":null}},"type":"binary-expr","locations":[{"start":{"line":88,"column":33},"end":{"line":88,"column":51}},{"start":{"line":88,"column":51},"end":{"line":88,"column":null}}],"line":88},"9":{"loc":{"start":{"line":88,"column":51},"end":{"line":88,"column":null}},"type":"cond-expr","locations":[{"start":{"line":88,"column":67},"end":{"line":88,"column":99}},{"start":{"line":88,"column":99},"end":{"line":88,"column":null}}],"line":88},"10":{"loc":{"start":{"line":93,"column":41},"end":{"line":93,"column":69}},"type":"binary-expr","locations":[{"start":{"line":93,"column":41},"end":{"line":93,"column":54}},{"start":{"line":93,"column":54},"end":{"line":93,"column":69}}],"line":93},"11":{"loc":{"start":{"line":104,"column":8},"end":{"line":112,"column":null}},"type":"if","locations":[{"start":{"line":104,"column":8},"end":{"line":112,"column":null}},{"start":{},"end":{}}],"line":104},"12":{"loc":{"start":{"line":107,"column":16},"end":{"line":110,"column":null}},"type":"if","locations":[{"start":{"line":107,"column":16},"end":{"line":110,"column":null}},{"start":{},"end":{}}],"line":107},"13":{"loc":{"start":{"line":120,"column":14},"end":{"line":120,"column":null}},"type":"binary-expr","locations":[{"start":{"line":120,"column":14},"end":{"line":120,"column":36}},{"start":{"line":120,"column":36},"end":{"line":120,"column":null}}],"line":120},"14":{"loc":{"start":{"line":121,"column":14},"end":{"line":121,"column":null}},"type":"binary-expr","locations":[{"start":{"line":121,"column":14},"end":{"line":121,"column":32}},{"start":{"line":121,"column":32},"end":{"line":121,"column":null}}],"line":121},"15":{"loc":{"start":{"line":127,"column":17},"end":{"line":127,"column":null}},"type":"binary-expr","locations":[{"start":{"line":127,"column":17},"end":{"line":127,"column":28}},{"start":{"line":127,"column":28},"end":{"line":127,"column":null}}],"line":127},"16":{"loc":{"start":{"line":128,"column":17},"end":{"line":128,"column":null}},"type":"binary-expr","locations":[{"start":{"line":128,"column":17},"end":{"line":128,"column":26}},{"start":{"line":128,"column":26},"end":{"line":128,"column":null}}],"line":128},"17":{"loc":{"start":{"line":129,"column":17},"end":{"line":135,"column":null}},"type":"binary-expr","locations":[{"start":{"line":129,"column":17},"end":{"line":129,"column":29}},{"start":{"line":129,"column":29},"end":{"line":129,"column":null}},{"start":{"line":130,"column":20},"end":{"line":135,"column":null}}],"line":129},"18":{"loc":{"start":{"line":137,"column":17},"end":{"line":137,"column":null}},"type":"binary-expr","locations":[{"start":{"line":137,"column":17},"end":{"line":137,"column":29}},{"start":{"line":137,"column":29},"end":{"line":137,"column":39}},{"start":{"line":137,"column":39},"end":{"line":137,"column":52}},{"start":{"line":137,"column":52},"end":{"line":137,"column":null}}],"line":137},"19":{"loc":{"start":{"line":144,"column":16},"end":{"line":144,"column":null}},"type":"cond-expr","locations":[{"start":{"line":144,"column":26},"end":{"line":144,"column":46}},{"start":{"line":144,"column":46},"end":{"line":144,"column":null}}],"line":144}},"s":{"0":1,"1":2,"2":1,"3":2,"4":2,"5":2,"6":2,"7":2,"8":1,"9":1,"10":3,"11":3,"12":3,"13":3,"14":3,"15":3,"16":3,"17":2,"18":2,"19":2,"20":2,"21":2,"22":0,"23":0,"24":0,"25":0,"26":2,"27":0,"28":0,"29":2,"30":2,"31":2,"32":2,"33":3,"34":1,"35":1,"36":1,"37":1,"38":1,"39":1,"40":1,"41":1,"42":1,"43":0,"44":1,"45":3,"46":1,"47":3,"48":1,"49":1,"50":1,"51":0,"52":0,"53":0,"54":0,"55":0,"56":0,"57":1,"58":3},"f":{"0":2,"1":2,"2":3,"3":2,"4":0,"5":0,"6":0,"7":0,"8":0,"9":0,"10":2,"11":2,"12":1,"13":1,"14":1},"b":{"0":[2,0],"1":[0,0],"2":[0,0],"3":[0,0],"4":[2,2],"5":[2,2],"6":[2,2],"7":[2,0],"8":[1,0],"9":[0,0],"10":[0,0],"11":[0,1],"12":[0,0],"13":[3,0],"14":[3,0],"15":[3,1],"16":[3,0],"17":[3,1,1],"18":[3,2,2,1],"19":[1,2]},"meta":{"lastBranch":20,"lastFunction":15,"lastStatement":59,"seen":{"s:12:14:12:Infinity":0,"f:12:14:12:15":0,"s:12:24:12:Infinity":1,"s:14:19:20:Infinity":2,"f:14:19:14:20":1,"s:15:17:15:Infinity":3,"s:16:4:16:Infinity":4,"b:16:45:16:63:16:63:16:65":0,"s:17:22:17:Infinity":5,"s:18:19:18:Infinity":6,"s:19:4:19:Infinity":7,"s:22:18:22:Infinity":8,"s:25:24:148:Infinity":9,"f:25:24:25:30":2,"s:26:21:26:Infinity":10,"s:27:32:27:Infinity":11,"s:28:30:28:Infinity":12,"s:29:26:29:Infinity":13,"s:34:4:34:Infinity":14,"s:35:10:35:Infinity":15,"s:37:27:80:Infinity":16,"f:37:27:37:33":3,"s:38:26:38:Infinity":17,"s:39:24:39:Infinity":18,"s:40:26:40:Infinity":19,"s:41:8:41:Infinity":20,"s:43:34:47:Infinity":21,"f:44:20:44:21":4,"s:44:32:44:88":22,"b:44:32:44:63:44:63:44:88":1,"f:46:17:46:18":5,"s:46:39:46:174":23,"f:46:78:46:84":6,"s:46:84:46:160":24,"b:46:84:46:145:46:145:46:160":2,"f:46:118:46:123":7,"s:46:123:46:134":25,"s:49:36:52:Infinity":26,"f:50:20:50:27":8,"s:50:27:50:91":27,"b:50:27:50:62:50:62:50:91":3,"f:51:17:51:24":9,"s:51:24:51:121":28,"s:54:37:57:Infinity":29,"f:55:20:55:29":10,"s:55:29:55:97":30,"b:55:29:55:66:55:66:55:97":4,"f:56:17:56:26":11,"s:56:26:56:74":31,"s:59:8:76:Infinity":32,"b:70:14:70:35:70:35:70:51":5,"b:73:14:73:37:73:37:73:55":6,"b:76:14:76:38:76:38:76:57":7,"s:82:24:97:Infinity":33,"f:82:24:82:36":12,"s:83:8:83:Infinity":34,"s:84:8:84:Infinity":35,"s:85:23:85:Infinity":36,"s:86:12:96:Infinity":37,"s:87:29:87:Infinity":38,"s:88:33:88:Infinity":39,"b:88:33:88:51:88:51:88:Infinity":8,"b:88:67:88:99:88:99:88:Infinity":9,"s:89:12:89:Infinity":40,"s:90:35:90:Infinity":41,"s:91:12:91:Infinity":42,"s:93:12:93:Infinity":43,"b:93:41:93:54:93:54:93:69":10,"s:95:12:95:Infinity":44,"s:99:28:99:Infinity":45,"f:99:28:99:34":13,"s:99:34:99:Infinity":46,"s:101:4:116:Infinity":47,"f:101:14:101:20":14,"s:102:31:102:Infinity":48,"s:103:27:103:Infinity":49,"b:104:8:112:Infinity:undefined:undefined:undefined:undefined":11,"s:104:8:112:Infinity":50,"s:105:12:111:Infinity":51,"s:106:31:106:Infinity":52,"b:107:16:110:Infinity:undefined:undefined:undefined:undefined":12,"s:107:16:110:Infinity":53,"s:108:20:108:Infinity":54,"s:109:20:109:Infinity":55,"s:111:26:111:79":56,"s:114:8:114:Infinity":57,"s:118:4:146:Infinity":58,"b:120:14:120:36:120:36:120:Infinity":13,"b:121:14:121:32:121:32:121:Infinity":14,"b:127:17:127:28:127:28:127:Infinity":15,"b:128:17:128:26:128:26:128:Infinity":16,"b:129:17:129:29:129:29:129:Infinity:130:20:135:Infinity":17,"b:137:17:137:29:137:29:137:39:137:39:137:52:137:52:137:Infinity":18,"b:144:26:144:46:144:46:144:Infinity":19}}}
,"C:\\wonky-sprout-os\\components\\insights\\HabitHeatmap.tsx": {"path":"C:\\wonky-sprout-os\\components\\insights\\HabitHeatmap.tsx","statementMap":{"0":{"start":{"line":8,"column":14},"end":{"line":8,"column":null}},"1":{"start":{"line":8,"column":24},"end":{"line":8,"column":null}},"2":{"start":{"line":10,"column":21},"end":{"line":59,"column":null}},"3":{"start":{"line":11,"column":21},"end":{"line":11,"column":null}},"4":{"start":{"line":12,"column":28},"end":{"line":12,"column":null}},"5":{"start":{"line":14,"column":18},"end":{"line":14,"column":null}},"6":{"start":{"line":15,"column":21},"end":{"line":15,"column":null}},"7":{"start":{"line":17,"column":10},"end":{"line":24,"column":null}},"8":{"start":{"line":18,"column":29},"end":{"line":18,"column":null}},"9":{"start":{"line":19,"column":8},"end":{"line":23,"column":null}},"10":{"start":{"line":20,"column":22},"end":{"line":20,"column":null}},"11":{"start":{"line":21,"column":12},"end":{"line":21,"column":null}},"12":{"start":{"line":22,"column":12},"end":{"line":22,"column":null}},"13":{"start":{"line":26,"column":4},"end":{"line":28,"column":null}},"14":{"start":{"line":27,"column":8},"end":{"line":27,"column":null}},"15":{"start":{"line":30,"column":4},"end":{"line":57,"column":null}},"16":{"start":{"line":34,"column":20},"end":{"line":53,"column":null}},"17":{"start":{"line":38,"column":47},"end":{"line":38,"column":null}},"18":{"start":{"line":39,"column":52},"end":{"line":39,"column":null}},"19":{"start":{"line":40,"column":49},"end":{"line":40,"column":null}},"20":{"start":{"line":41,"column":48},"end":{"line":41,"column":null}},"21":{"start":{"line":42,"column":46},"end":{"line":42,"column":null}},"22":{"start":{"line":43,"column":32},"end":{"line":44,"column":null}},"23":{"start":{"line":43,"column":49},"end":{"line":43,"column":null}},"24":{"start":{"line":43,"column":59},"end":{"line":44,"column":null}},"25":{"start":{"line":44,"column":52},"end":{"line":44,"column":null}},"26":{"start":{"line":46,"column":32},"end":{"line":49,"column":null}}},"fnMap":{"0":{"name":"(anonymous_0)","decl":{"start":{"line":8,"column":14},"end":{"line":8,"column":15}},"loc":{"start":{"line":8,"column":24},"end":{"line":8,"column":null}},"line":8},"1":{"name":"(anonymous_1)","decl":{"start":{"line":10,"column":21},"end":{"line":10,"column":27}},"loc":{"start":{"line":10,"column":27},"end":{"line":59,"column":null}},"line":10},"2":{"name":"(anonymous_2)","decl":{"start":{"line":17,"column":25},"end":{"line":17,"column":31}},"loc":{"start":{"line":17,"column":31},"end":{"line":24,"column":7}},"line":17},"3":{"name":"(anonymous_3)","decl":{"start":{"line":19,"column":42},"end":{"line":19,"column":43}},"loc":{"start":{"line":19,"column":52},"end":{"line":23,"column":9}},"line":19},"4":{"name":"(anonymous_4)","decl":{"start":{"line":33,"column":28},"end":{"line":33,"column":null}},"loc":{"start":{"line":34,"column":20},"end":{"line":53,"column":null}},"line":34},"5":{"name":"(anonymous_5)","decl":{"start":{"line":37,"column":38},"end":{"line":37,"column":39}},"loc":{"start":{"line":37,"column":54},"end":{"line":51,"column":29}},"line":37}},"branchMap":{"0":{"loc":{"start":{"line":26,"column":4},"end":{"line":28,"column":null}},"type":"if","locations":[{"start":{"line":26,"column":4},"end":{"line":28,"column":null}},{"start":{},"end":{}}],"line":26},"1":{"loc":{"start":{"line":43,"column":32},"end":{"line":44,"column":null}},"type":"if","locations":[{"start":{"line":43,"column":32},"end":{"line":44,"column":null}},{"start":{"line":43,"column":59},"end":{"line":44,"column":null}}],"line":43},"2":{"loc":{"start":{"line":43,"column":59},"end":{"line":44,"column":null}},"type":"if","locations":[{"start":{"line":43,"column":59},"end":{"line":44,"column":null}},{"start":{},"end":{}}],"line":43},"3":{"loc":{"start":{"line":47,"column":74},"end":{"line":47,"column":117}},"type":"cond-expr","locations":[{"start":{"line":47,"column":88},"end":{"line":47,"column":102}},{"start":{"line":47,"column":102},"end":{"line":47,"column":117}}],"line":47},"4":{"loc":{"start":{"line":48,"column":84},"end":{"line":48,"column":124}},"type":"cond-expr","locations":[{"start":{"line":48,"column":94},"end":{"line":48,"column":122}},{"start":{"line":48,"column":122},"end":{"line":48,"column":124}}],"line":48}},"s":{"0":1,"1":1,"2":1,"3":1,"4":1,"5":1,"6":1,"7":1,"8":1,"9":1,"10":30,"11":30,"12":30,"13":1,"14":1,"15":0,"16":0,"17":0,"18":0,"19":0,"20":0,"21":0,"22":0,"23":0,"24":0,"25":0,"26":0},"f":{"0":1,"1":1,"2":1,"3":30,"4":0,"5":0},"b":{"0":[1,0],"1":[0,0],"2":[0,0],"3":[0,0],"4":[0,0]},"meta":{"lastBranch":5,"lastFunction":6,"lastStatement":27,"seen":{"s:8:14:8:Infinity":0,"f:8:14:8:15":0,"s:8:24:8:Infinity":1,"s:10:21:59:Infinity":2,"f:10:21:10:27":1,"s:11:21:11:Infinity":3,"s:12:28:12:Infinity":4,"s:14:18:14:Infinity":5,"s:15:21:15:Infinity":6,"s:17:10:24:Infinity":7,"f:17:25:17:31":2,"s:18:29:18:Infinity":8,"s:19:8:23:Infinity":9,"f:19:42:19:43":3,"s:20:22:20:Infinity":10,"s:21:12:21:Infinity":11,"s:22:12:22:Infinity":12,"b:26:4:28:Infinity:undefined:undefined:undefined:undefined":0,"s:26:4:28:Infinity":13,"s:27:8:27:Infinity":14,"s:30:4:57:Infinity":15,"f:33:28:33:Infinity":4,"s:34:20:53:Infinity":16,"f:37:38:37:39":5,"s:38:47:38:Infinity":17,"s:39:52:39:Infinity":18,"s:40:49:40:Infinity":19,"s:41:48:41:Infinity":20,"s:42:46:42:Infinity":21,"b:43:32:44:Infinity:43:59:44:Infinity":1,"s:43:32:44:Infinity":22,"s:43:49:43:Infinity":23,"b:43:59:44:Infinity:undefined:undefined:undefined:undefined":2,"s:43:59:44:Infinity":24,"s:44:52:44:Infinity":25,"s:46:32:49:Infinity":26,"b:47:88:47:102:47:102:47:117":3,"b:48:94:48:122:48:122:48:124":4}}}
,"C:\\wonky-sprout-os\\components\\modules\\WonkyAIModule.tsx": {"path":"C:\\wonky-sprout-os\\components\\modules\\WonkyAIModule.tsx","statementMap":{"0":{"start":{"line":13,"column":22},"end":{"line":165,"column":null}},"1":{"start":{"line":14,"column":18},"end":{"line":14,"column":null}},"2":{"start":{"line":15,"column":29},"end":{"line":15,"column":null}},"3":{"start":{"line":16,"column":28},"end":{"line":16,"column":null}},"4":{"start":{"line":17,"column":30},"end":{"line":17,"column":null}},"5":{"start":{"line":18,"column":32},"end":{"line":18,"column":null}},"6":{"start":{"line":19,"column":26},"end":{"line":19,"column":null}},"7":{"start":{"line":20,"column":38},"end":{"line":20,"column":null}},"8":{"start":{"line":25,"column":4},"end":{"line":25,"column":null}},"9":{"start":{"line":26,"column":21},"end":{"line":26,"column":null}},"10":{"start":{"line":27,"column":36},"end":{"line":27,"column":null}},"11":{"start":{"line":29,"column":30},"end":{"line":29,"column":null}},"12":{"start":{"line":46,"column":10},"end":{"line":46,"column":null}},"13":{"start":{"line":48,"column":27},"end":{"line":73,"column":null}},"14":{"start":{"line":49,"column":8},"end":{"line":52,"column":null}},"15":{"start":{"line":50,"column":12},"end":{"line":50,"column":null}},"16":{"start":{"line":51,"column":12},"end":{"line":51,"column":null}},"17":{"start":{"line":53,"column":8},"end":{"line":53,"column":null}},"18":{"start":{"line":54,"column":8},"end":{"line":54,"column":null}},"19":{"start":{"line":55,"column":8},"end":{"line":55,"column":null}},"20":{"start":{"line":56,"column":21},"end":{"line":56,"column":null}},"21":{"start":{"line":57,"column":8},"end":{"line":57,"column":null}},"22":{"start":{"line":58,"column":8},"end":{"line":70,"column":null}},"23":{"start":{"line":59,"column":31},"end":{"line":59,"column":null}},"24":{"start":{"line":61,"column":16},"end":{"line":65,"column":null}},"25":{"start":{"line":62,"column":20},"end":{"line":62,"column":null}},"26":{"start":{"line":63,"column":20},"end":{"line":63,"column":null}},"27":{"start":{"line":64,"column":20},"end":{"line":64,"column":null}},"28":{"start":{"line":66,"column":20},"end":{"line":66,"column":null}},"29":{"start":{"line":68,"column":12},"end":{"line":68,"column":null}},"30":{"start":{"line":69,"column":12},"end":{"line":69,"column":null}},"31":{"start":{"line":71,"column":8},"end":{"line":71,"column":null}},"32":{"start":{"line":72,"column":8},"end":{"line":72,"column":null}},"33":{"start":{"line":75,"column":25},"end":{"line":77,"column":null}},"34":{"start":{"line":76,"column":8},"end":{"line":76,"column":null}},"35":{"start":{"line":79,"column":29},"end":{"line":83,"column":null}},"36":{"start":{"line":80,"column":8},"end":{"line":82,"column":null}},"37":{"start":{"line":81,"column":12},"end":{"line":81,"column":null}},"38":{"start":{"line":85,"column":4},"end":{"line":163,"column":null}},"39":{"start":{"line":124,"column":41},"end":{"line":124,"column":null}},"40":{"start":{"line":146,"column":53},"end":{"line":146,"column":null}},"41":{"start":{"line":150,"column":79},"end":{"line":150,"column":105}},"42":{"start":{"line":151,"column":79},"end":{"line":151,"column":99}},"43":{"start":{"line":156,"column":73},"end":{"line":156,"column":94}},"44":{"start":{"line":156,"column":94},"end":{"line":156,"column":113}},"45":{"start":{"line":156,"column":113},"end":{"line":156,"column":134}}},"fnMap":{"0":{"name":"(anonymous_0)","decl":{"start":{"line":13,"column":22},"end":{"line":13,"column":28}},"loc":{"start":{"line":13,"column":28},"end":{"line":165,"column":null}},"line":13},"1":{"name":"(anonymous_1)","decl":{"start":{"line":48,"column":27},"end":{"line":48,"column":34}},"loc":{"start":{"line":48,"column":58},"end":{"line":73,"column":null}},"line":48},"2":{"name":"(anonymous_2)","decl":{"start":{"line":75,"column":25},"end":{"line":75,"column":31}},"loc":{"start":{"line":75,"column":31},"end":{"line":77,"column":null}},"line":75},"3":{"name":"(anonymous_3)","decl":{"start":{"line":79,"column":29},"end":{"line":79,"column":30}},"loc":{"start":{"line":79,"column":36},"end":{"line":83,"column":null}},"line":79},"4":{"name":"(anonymous_4)","decl":{"start":{"line":124,"column":34},"end":{"line":124,"column":35}},"loc":{"start":{"line":124,"column":41},"end":{"line":124,"column":null}},"line":124},"5":{"name":"(anonymous_5)","decl":{"start":{"line":146,"column":46},"end":{"line":146,"column":47}},"loc":{"start":{"line":146,"column":53},"end":{"line":146,"column":null}},"line":146},"6":{"name":"(anonymous_6)","decl":{"start":{"line":150,"column":73},"end":{"line":150,"column":79}},"loc":{"start":{"line":150,"column":79},"end":{"line":150,"column":105}},"line":150},"7":{"name":"(anonymous_7)","decl":{"start":{"line":151,"column":73},"end":{"line":151,"column":79}},"loc":{"start":{"line":151,"column":79},"end":{"line":151,"column":99}},"line":151},"8":{"name":"(anonymous_8)","decl":{"start":{"line":156,"column":65},"end":{"line":156,"column":71}},"loc":{"start":{"line":156,"column":71},"end":{"line":156,"column":137}},"line":156}},"branchMap":{"0":{"loc":{"start":{"line":49,"column":8},"end":{"line":52,"column":null}},"type":"if","locations":[{"start":{"line":49,"column":8},"end":{"line":52,"column":null}},{"start":{},"end":{}}],"line":49},"1":{"loc":{"start":{"line":59,"column":46},"end":{"line":59,"column":68}},"type":"binary-expr","locations":[{"start":{"line":59,"column":46},"end":{"line":59,"column":60}},{"start":{"line":59,"column":60},"end":{"line":59,"column":68}}],"line":59},"2":{"loc":{"start":{"line":61,"column":16},"end":{"line":65,"column":null}},"type":"if","locations":[{"start":{"line":61,"column":16},"end":{"line":65,"column":null}},{"start":{},"end":{}}],"line":61},"3":{"loc":{"start":{"line":66,"column":32},"end":{"line":66,"column":106}},"type":"binary-expr","locations":[{"start":{"line":66,"column":32},"end":{"line":66,"column":49}},{"start":{"line":66,"column":49},"end":{"line":66,"column":106}}],"line":66},"4":{"loc":{"start":{"line":66,"column":49},"end":{"line":66,"column":106}},"type":"cond-expr","locations":[{"start":{"line":66,"column":64},"end":{"line":66,"column":103}},{"start":{"line":66,"column":103},"end":{"line":66,"column":106}}],"line":66},"5":{"loc":{"start":{"line":68,"column":31},"end":{"line":68,"column":86}},"type":"binary-expr","locations":[{"start":{"line":68,"column":31},"end":{"line":68,"column":44}},{"start":{"line":68,"column":44},"end":{"line":68,"column":86}}],"line":68},"6":{"loc":{"start":{"line":80,"column":8},"end":{"line":82,"column":null}},"type":"if","locations":[{"start":{"line":80,"column":8},"end":{"line":82,"column":null}},{"start":{},"end":{}}],"line":80},"7":{"loc":{"start":{"line":80,"column":12},"end":{"line":80,"column":43}},"type":"binary-expr","locations":[{"start":{"line":80,"column":12},"end":{"line":80,"column":33}},{"start":{"line":80,"column":33},"end":{"line":80,"column":43}}],"line":80},"8":{"loc":{"start":{"line":87,"column":13},"end":{"line":87,"column":null}},"type":"binary-expr","locations":[{"start":{"line":87,"column":13},"end":{"line":87,"column":35}},{"start":{"line":87,"column":35},"end":{"line":87,"column":null}}],"line":87},"9":{"loc":{"start":{"line":88,"column":13},"end":{"line":88,"column":null}},"type":"binary-expr","locations":[{"start":{"line":88,"column":13},"end":{"line":88,"column":31}},{"start":{"line":88,"column":31},"end":{"line":88,"column":null}}],"line":88},"10":{"loc":{"start":{"line":91,"column":21},"end":{"line":116,"column":null}},"type":"cond-expr","locations":[{"start":{"line":92,"column":24},"end":{"line":106,"column":null}},{"start":{"line":107,"column":24},"end":{"line":116,"column":null}}],"line":91},"11":{"loc":{"start":{"line":93,"column":29},"end":{"line":104,"column":null}},"type":"cond-expr","locations":[{"start":{"line":94,"column":32},"end":{"line":94,"column":null}},{"start":{"line":96,"column":32},"end":{"line":104,"column":null}}],"line":93},"12":{"loc":{"start":{"line":107,"column":24},"end":{"line":116,"column":null}},"type":"cond-expr","locations":[{"start":{"line":108,"column":24},"end":{"line":108,"column":null}},{"start":{"line":109,"column":24},"end":{"line":116,"column":null}}],"line":107},"13":{"loc":{"start":{"line":109,"column":24},"end":{"line":116,"column":null}},"type":"cond-expr","locations":[{"start":{"line":110,"column":32},"end":{"line":112,"column":null}},{"start":{"line":114,"column":24},"end":{"line":116,"column":null}}],"line":109},"14":{"loc":{"start":{"line":138,"column":29},"end":{"line":138,"column":null}},"type":"cond-expr","locations":[{"start":{"line":138,"column":39},"end":{"line":138,"column":47}},{"start":{"line":138,"column":47},"end":{"line":138,"column":null}}],"line":138},"15":{"loc":{"start":{"line":140,"column":25},"end":{"line":153,"column":null}},"type":"binary-expr","locations":[{"start":{"line":140,"column":25},"end":{"line":140,"column":39}},{"start":{"line":140,"column":39},"end":{"line":140,"column":null}},{"start":{"line":141,"column":28},"end":{"line":153,"column":null}}],"line":140},"16":{"loc":{"start":{"line":155,"column":25},"end":{"line":158,"column":null}},"type":"binary-expr","locations":[{"start":{"line":155,"column":25},"end":{"line":155,"column":null}},{"start":{"line":156,"column":28},"end":{"line":158,"column":null}}],"line":155}},"s":{"0":2,"1":7,"2":7,"3":7,"4":7,"5":7,"6":7,"7":7,"8":7,"9":7,"10":7,"11":7,"12":7,"13":7,"14":1,"15":0,"16":0,"17":1,"18":1,"19":1,"20":1,"21":1,"22":1,"23":1,"24":1,"25":0,"26":0,"27":0,"28":1,"29":0,"30":0,"31":1,"32":1,"33":7,"34":1,"35":7,"36":0,"37":0,"38":7,"39":1,"40":0,"41":0,"42":0,"43":0,"44":0,"45":0},"f":{"0":7,"1":1,"2":1,"3":0,"4":1,"5":0,"6":0,"7":0,"8":0},"b":{"0":[0,1],"1":[1,0],"2":[0,1],"3":[1,0],"4":[0,0],"5":[0,0],"6":[0,0],"7":[0,0],"8":[7,1],"9":[7,1],"10":[1,6],"11":[1,0],"12":[0,6],"13":[1,5],"14":[1,6],"15":[7,0,0],"16":[7,1]},"meta":{"lastBranch":17,"lastFunction":9,"lastStatement":46,"seen":{"s:13:22:165:Infinity":0,"f:13:22:13:28":0,"s:14:18:14:Infinity":1,"s:15:29:15:Infinity":2,"s:16:28:16:Infinity":3,"s:17:30:17:Infinity":4,"s:18:32:18:Infinity":5,"s:19:26:19:Infinity":6,"s:20:38:20:Infinity":7,"s:25:4:25:Infinity":8,"s:26:21:26:Infinity":9,"s:27:36:27:Infinity":10,"s:29:30:29:Infinity":11,"s:46:10:46:Infinity":12,"s:48:27:73:Infinity":13,"f:48:27:48:34":1,"b:49:8:52:Infinity:undefined:undefined:undefined:undefined":0,"s:49:8:52:Infinity":14,"s:50:12:50:Infinity":15,"s:51:12:51:Infinity":16,"s:53:8:53:Infinity":17,"s:54:8:54:Infinity":18,"s:55:8:55:Infinity":19,"s:56:21:56:Infinity":20,"s:57:8:57:Infinity":21,"s:58:8:70:Infinity":22,"s:59:31:59:Infinity":23,"b:59:46:59:60:59:60:59:68":1,"b:61:16:65:Infinity:undefined:undefined:undefined:undefined":2,"s:61:16:65:Infinity":24,"s:62:20:62:Infinity":25,"s:63:20:63:Infinity":26,"s:64:20:64:Infinity":27,"s:66:20:66:Infinity":28,"b:66:32:66:49:66:49:66:106":3,"b:66:64:66:103:66:103:66:106":4,"s:68:12:68:Infinity":29,"b:68:31:68:44:68:44:68:86":5,"s:69:12:69:Infinity":30,"s:71:8:71:Infinity":31,"s:72:8:72:Infinity":32,"s:75:25:77:Infinity":33,"f:75:25:75:31":2,"s:76:8:76:Infinity":34,"s:79:29:83:Infinity":35,"f:79:29:79:30":3,"b:80:8:82:Infinity:undefined:undefined:undefined:undefined":6,"s:80:8:82:Infinity":36,"b:80:12:80:33:80:33:80:43":7,"s:81:12:81:Infinity":37,"s:85:4:163:Infinity":38,"b:87:13:87:35:87:35:87:Infinity":8,"b:88:13:88:31:88:31:88:Infinity":9,"b:92:24:106:Infinity:107:24:116:Infinity":10,"b:94:32:94:Infinity:96:32:104:Infinity":11,"b:108:24:108:Infinity:109:24:116:Infinity":12,"b:110:32:112:Infinity:114:24:116:Infinity":13,"f:124:34:124:35":4,"s:124:41:124:Infinity":39,"b:138:39:138:47:138:47:138:Infinity":14,"b:140:25:140:39:140:39:140:Infinity:141:28:153:Infinity":15,"f:146:46:146:47":5,"s:146:53:146:Infinity":40,"f:150:73:150:79":6,"s:150:79:150:105":41,"f:151:73:151:79":7,"s:151:79:151:99":42,"b:155:25
[...]
,"C:\\wonky-sprout-os\\src\\integrations\\googleWorkspace.ts": {"path":"C:\\wonky-sprout-os\\src\\integrations\\googleWorkspace.ts","statementMap":{"0":{"start":{"line":4,"column":8},"end":{"line":4,"column":null}},"1":{"start":{"line":6,"column":14},"end":{"line":10,"column":null}},"2":{"start":{"line":11,"column":2},"end":{"line":11,"column":null}},"3":{"start":{"line":11,"column":15},"end":{"line":11,"column":null}},"4":{"start":{"line":12,"column":2},"end":{"line":12,"column":null}}},"fnMap":{"0":{"name":"addTaskToGoogle","decl":{"start":{"line":3,"column":22},"end":{"line":3,"column":38}},"loc":{"start":{"line":3,"column":89},"end":{"line":13,"column":null}},"line":3}},"branchMap":{"0":{"loc":{"start":{"line":3,"column":57},"end":{"line":3,"column":89}},"type":"default-arg","locations":[{"start":{"line":3,"column":85},"end":{"line":3,"column":89}}],"line":3},"1":{"loc":{"start":{"line":9,"column":53},"end":{"line":9,"column":73}},"type":"binary-expr","locations":[{"start":{"line":9,"column":53},"end":{"line":9,"column":68}},{"start":{"line":9,"column":68},"end":{"line":9,"column":73}}],"line":9},"2":{"loc":{"start":{"line":11,"column":2},"end":{"line":11,"column":null}},"type":"if","locations":[{"start":{"line":11,"column":2},"end":{"line":11,"column":null}},{"start":{},"end":{}}],"line":11}},"s":{"0":1,"1":1,"2":1,"3":0,"4":1},"f":{"0":1},"b":{"0":[1],"1":[1,1],"2":[0,1]},"meta":{"lastBranch":3,"lastFunction":1,"lastStatement":5,"seen":{"f:3:22:3:38":0,"b:3:85:3:89":0,"s:4:8:4:Infinity":0,"s:6:14:10:Infinity":1,"b:9:53:9:68:9:68:9:73":1,"b:11:2:11:Infinity:undefined:undefined:undefined:undefined":2,"s:11:2:11:Infinity":2,"s:11:15:11:Infinity":3,"s:12:2:12:Infinity":4}}}
,"C:\\wonky-sprout-os\\src\\sops\\neuro\\neuro_sop_templates.ts": {"path":"C:\\wonky-sprout-os\\src\\sops\\neuro\\neuro_sop_templates.ts","statementMap":{"0":{"start":{"line":1,"column":35},"end":{"line":48,"column":null}}},"fnMap":{},"branchMap":{},"s":{"0":1},"f":{},"b":{},"meta":{"lastBranch":0,"lastFunction":0,"lastStatement":1,"seen":{"s:1:35:48:Infinity":0}}}
,"C:\\wonky-sprout-os\\src\\utils\\importExport.ts": {"path":"C:\\wonky-sprout-os\\src\\utils\\importExport.ts","statementMap":{"0":{"start":{"line":4,"column":2},"end":{"line":4,"column":null}},"1":{"start":{"line":8,"column":2},"end":{"line":18,"column":null}},"2":{"start":{"line":9,"column":19},"end":{"line":9,"column":null}},"3":{"start":{"line":10,"column":4},"end":{"line":12,"column":null}},"4":{"start":{"line":11,"column":6},"end":{"line":11,"column":null}},"5":{"start":{"line":14,"column":22},"end":{"line":14,"column":null}},"6":{"start":{"line":14,"column":53},"end":{"line":14,"column":90}},"7":{"start":{"line":15,"column":4},"end":{"line":15,"column":null}},"8":{"start":{"line":17,"column":4},"end":{"line":17,"column":null}},"9":{"start":{"line":24,"column":2},"end":{"line":24,"column":null}},"10":{"start":{"line":28,"column":2},"end":{"line":36,"column":null}},"11":{"start":{"line":29,"column":19},"end":{"line":29,"column":null}},"12":{"start":{"line":30,"column":4},"end":{"line":32,"column":null}},"13":{"start":{"line":31,"column":6},"end":{"line":31,"column":null}},"14":{"start":{"line":33,"column":4},"end":{"line":33,"column":null}},"15":{"start":{"line":35,"column":4},"end":{"line":35,"column":null}}},"fnMap":{"0":{"name":"exportSops","decl":{"start":{"line":3,"column":16},"end":{"line":3,"column":27}},"loc":{"start":{"line":3,"column":40},"end":{"line":5,"column":null}},"line":3},"1":{"name":"importSops","decl":{"start":{"line":7,"column":16},"end":{"line":7,"column":27}},"loc":{"start":{"line":7,"column":61},"end":{"line":19,"column":null}},"line":7},"2":{"name":"(anonymous_2)","decl":{"start":{"line":14,"column":41},"end":{"line":14,"column":42}},"loc":{"start":{"line":14,"column":53},"end":{"line":14,"column":90}},"line":14},"3":{"name":"exportChecklists","decl":{"start":{"line":23,"column":16},"end":{"line":23,"column":33}},"loc":{"start":{"line":23,"column":52},"end":{"line":25,"column":null}},"line":23},"4":{"name":"importChecklists","decl":{"start":{"line":27,"column":16},"end":{"line":27,"column":33}},"loc":{"start":{"line":27,"column":73},"end":{"line":37,"column":null}},"line":27}},"branchMap":{"0":{"loc":{"start":{"line":10,"column":4},"end":{"line":12,"column":null}},"type":"if","locations":[{"start":{"line":10,"column":4},"end":{"line":12,"column":null}},{"start":{},"end":{}}],"line":10},"1":{"loc":{"start":{"line":10,"column":8},"end":{"line":10,"column":48}},"type":"binary-expr","locations":[{"start":{"line":10,"column":8},"end":{"line":10,"column":19}},{"start":{"line":10,"column":19},"end":{"line":10,"column":48}}],"line":10},"2":{"loc":{"start":{"line":14,"column":53},"end":{"line":14,"column":90}},"type":"binary-expr","locations":[{"start":{"line":14,"column":53},"end":{"line":14,"column":65}},{"start":{"line":14,"column":65},"end":{"line":14,"column":76}},{"start":{"line":14,"column":76},"end":{"line":14,"column":90}}],"line":14},"3":{"loc":{"start":{"line":30,"column":4},"end":{"line":32,"column":null}},"type":"if","locations":[{"start":{"line":30,"column":4},"end":{"line":32,"column":null}},{"start":{},"end":{}}],"line":30},"4":{"loc":{"start":{"line":30,"column":8},"end":{"line":30,"column":54}},"type":"binary-expr","locations":[{"start":{"line":30,"column":8},"end":{"line":30,"column":19}},{"start":{"line":30,"column":19},"end":{"line":30,"column":54}}],"line":30}},"s":{"0":1,"1":3,"2":3,"3":3,"4":1,"5":1,"6":1,"7":1,"8":2,"9":0,"10":0,"11":0,"12":0,"13":0,"14":0,"15":0},"f":{"0":1,"1":3,"2":1,"3":0,"4":0},"b":{"0":[1,2],"1":[3,2],"2":[1,1,0],"3":[0,0],"4":[0,0]},"meta":{"lastBranch":5,"lastFunction":5,"lastStatement":16,"seen":{"f:3:16:3:27":0,"s:4:2:4:Infinity":0,"f:7:16:7:27":1,"s:8:2:18:Infinity":1,"s:9:19:9:Infinity":2,"b:10:4:12:Infinity:undefined:undefined:undefined:undefined":0,"s:10:4:12:Infinity":3,"b:10:8:10:19:10:19:10:48":1,"s:11:6:11:Infinity":4,"s:14:22:14:Infinity":5,"f:14:41:14:42":2,"s:14:53:14:90":6,"b:14:53:14:65:14:65:14:76:14:76:14:90":2,"s:15:4:15:Infinity":7,"s:17:4:17:Infinity":8,"f:23:16:23:33":3,"s:24:2:24:Infinity":9,"f:27:16:27:33":4,"s:28:2:36:Infinity":10,"s:29:19:29:Infinity":11,"b:30:4:32:Infinity:undefined:undefined:undefined:undefined":3,"s:30:4:32:Infinity":12,"b:30:8:30:19:30:19:30:54":4,"s:31:6:31:Infinity":13,"s:33:4:33:Infinity":14,"s:35:4:35:Infinity":15}}}
,"C:\\wonky-sprout-os\\src\\utils\\promptSanitizer.ts": {"path":"C:\\wonky-sprout-os\\src\\utils\\promptSanitizer.ts","statementMap":{"0":{"start":{"line":2,"column":2},"end":{"line":2,"column":null}},"1":{"start":{"line":2,"column":13},"end":{"line":2,"column":null}},"2":{"start":{"line":4,"column":10},"end":{"line":4,"column":null}},"3":{"start":{"line":6,"column":2},"end":{"line":6,"column":null}},"4":{"start":{"line":8,"column":2},"end":{"line":8,"column":null}},"5":{"start":{"line":10,"column":2},"end":{"line":10,"column":null}},"6":{"start":{"line":11,"column":2},"end":{"line":11,"column":null}}},"fnMap":{"0":{"name":"sanitizePrompt","decl":{"start":{"line":1,"column":16},"end":{"line":1,"column":31}},"loc":{"start":{"line":1,"column":45},"end":{"line":12,"column":null}},"line":1}},"branchMap":{"0":{"loc":{"start":{"line":2,"column":2},"end":{"line":2,"column":null}},"type":"if","locations":[{"start":{"line":2,"column":2},"end":{"line":2,"column":null}},{"start":{},"end":{}}],"line":2}},"s":{"0":2,"1":0,"2":2,"3":2,"4":2,"5":2,"6":2},"f":{"0":2},"b":{"0":[0,2]},"meta":{"lastBranch":1,"lastFunction":1,"lastStatement":7,"seen":{"f:1:16:1:31":0,"b:2:2:2:Infinity:undefined:undefined:undefined:undefined":0,"s:2:2:2:Infinity":0,"s:2:13:2:Infinity":1,"s:4:10:4:Infinity":2,"s:6:2:6:Infinity":3,"s:8:2:8:Infinity":4,"s:10:2:10:Infinity":5,"s:11:2:11:Infinity":6}}}
,"C:\\wonky-sprout-os\\utils\\audioUtils.ts": {"path":"C:\\wonky-sprout-os\\utils\\audioUtils.ts","statementMap":{"0":{"start":{"line":5,"column":17},"end":{"line":5,"column":null}},"1":{"start":{"line":6,"column":16},"end":{"line":6,"column":null}},"2":{"start":{"line":7,"column":4},"end":{"line":9,"column":null}},"3":{"start":{"line":7,"column":17},"end":{"line":7,"column":20}},"4":{"start":{"line":8,"column":8},"end":{"line":8,"column":null}},"5":{"start":{"line":10,"column":4},"end":{"line":10,"column":null}},"6":{"start":{"line":14,"column":25},"end":{"line":14,"column":null}},"7":{"start":{"line":15,"column":16},"end":{"line":15,"column":null}},"8":{"start":{"line":16,"column":18},"end":{"line":16,"column":null}},"9":{"start":{"line":17,"column":4},"end":{"line":19,"column":null}},"10":{"start":{"line":17,"column":17},"end":{"line":17,"column":20}},"11":{"start":{"line":18,"column":8},"end":{"line":18,"column":null}},"12":{"start":{"line":20,"column":4},"end":{"line":20,"column":null}},"13":{"start":{"line":29,"column":22},"end":{"line":29,"column":null}},"14":{"start":{"line":30,"column":23},"end":{"line":30,"column":null}},"15":{"start":{"line":31,"column":19},"end":{"line":31,"column":null}},"16":{"start":{"line":33,"column":4},"end":{"line":38,"column":null}},"17":{"start":{"line":33,"column":23},"end":{"line":33,"column":26}},"18":{"start":{"line":34,"column":28},"end":{"line":34,"column":null}},"19":{"start":{"line":35,"column":8},"end":{"line":37,"column":null}},"20":{"start":{"line":35,"column":21},"end":{"line":35,"column":24}},"21":{"start":{"line":36,"column":12},"end":{"line":36,"column":null}},"22":{"start":{"line":39,"column":4},"end":{"line":39,"column":null}},"23":{"start":{"line":43,"column":14},"end":{"line":43,"column":null}},"24":{"start":{"line":44,"column":18},"end":{"line":44,"column":null}},"25":{"start":{"line":45,"column":4},"end":{"line":47,"column":null}},"26":{"start":{"line":45,"column":17},"end":{"line":45,"column":20}},"27":{"start":{"line":46,"column":8},"end":{"line":46,"column":null}},"28":{"start":{"line":48,"column":4},"end":{"line":51,"column":null}}},"fnMap":{"0":{"name":"encode","decl":{"start":{"line":4,"column":16},"end":{"line":4,"column":23}},"loc":{"start":{"line":4,"column":30},"end":{"line":11,"column":null}},"line":4},"1":{"name":"decode","decl":{"start":{"line":13,"column":16},"end":{"line":13,"column":23}},"loc":{"start":{"line":13,"column":31},"end":{"line":21,"column":null}},"line":13},"2":{"name":"decodeAudioData","decl":{"start":{"line":23,"column":22},"end":{"line":23,"column":null}},"loc":{"start":{"line":28,"column":2},"end":{"line":40,"column":null}},"line":28},"3":{"name":"createBlob","decl":{"start":{"line":42,"column":16},"end":{"line":42,"column":27}},"loc":{"start":{"line":42,"column":33},"end":{"line":52,"column":null}},"line":42}},"branchMap":{},"s":{"0":0,"1":0,"2":0,"3":0,"4":0,"5":0,"6":0,"7":0,"8":0,"9":0,"10":0,"11":0,"12":0,"13":0,"14":0,"15":0,"16":0,"17":0,"18":0,"19":0,"20":0,"21":0,"22":0,"23":0,"24":0,"25":0,"26":0,"27":0,"28":0},"f":{"0":0,"1":0,"2":0,"3":0},"b":{},"meta":{"lastBranch":0,"lastFunction":4,"lastStatement":29,"seen":{"f:4:16:4:23":0,"s:5:17:5:Infinity":0,"s:6:16:6:Infinity":1,"s:7:4:9:Infinity":2,"s:7:17:7:20":3,"s:8:8:8:Infinity":4,"s:10:4:10:Infinity":5,"f:13:16:13:23":1,"s:14:25:14:Infinity":6,"s:15:16:15:Infinity":7,"s:16:18:16:Infinity":8,"s:17:4:19:Infinity":9,"s:17:17:17:20":10,"s:18:8:18:Infinity":11,"s:20:4:20:Infinity":12,"f:23:22:23:Infinity":2,"s:29:22:29:Infinity":13,"s:30:23:30:Infinity":14,"s:31:19:31:Infinity":15,"s:33:4:38:Infinity":16,"s:33:23:33:26":17,"s:34:28:34:Infinity":18,"s:35:8:37:Infinity":19,"s:35:21:35:24":20,"s:36:12:36:Infinity":21,"s:39:4:39:Infinity":22,"f:42:16:42:27":3,"s:43:14:43:Infinity":23,"s:44:18:44:Infinity":24,"s:45:4:47:Infinity":25,"s:45:17:45:20":26,"s:46:8:46:Infinity":27,"s:48:4:51:Infinity":28}}}
,"C:\\wonky-sprout-os\\utils\\secureMarkdownRenderer.tsx": {"path":"C:\\wonky-sprout-os\\utils\\secureMarkdownRenderer.tsx","statementMap":{"0":{"start":{"line":8,"column":47},"end":{"line":17,"column":null}},"1":{"start":{"line":10,"column":19},"end":{"line":10,"column":null}},"2":{"start":{"line":11,"column":15},"end":{"line":11,"column":null}},"3":{"start":{"line":12,"column":16},"end":{"line":12,"column":null}},"4":{"start":{"line":14,"column":2},"end":{"line":15,"column":null}},"5":{"start":{"line":22,"column":15},"end":{"line":22,"column":null}},"6":{"start":{"line":23,"column":2},"end":{"line":23,"column":null}}},"fnMap":{"0":{"name":"(anonymous_0)","decl":{"start":{"line":8,"column":47},"end":{"line":8,"column":48}},"loc":{"start":{"line":8,"column":72},"end":{"line":17,"column":null}},"line":8},"1":{"name":"renderSecureMarkdown","decl":{"start":{"line":21,"column":16},"end":{"line":21,"column":37}},"loc":{"start":{"line":21,"column":50},"end":{"line":24,"column":null}},"line":21}},"branchMap":{"0":{"loc":{"start":{"line":10,"column":19},"end":{"line":10,"column":null}},"type":"binary-expr","locations":[{"start":{"line":10,"column":19},"end":{"line":10,"column":29}},{"start":{"line":10,"column":29},"end":{"line":10,"column":40}},{"start":{"line":10,"column":40},"end":{"line":10,"column":null}}],"line":10},"1":{"loc":{"start":{"line":11,"column":28},"end":{"line":11,"column":42}},"type":"binary-expr","locations":[{"start":{"line":11,"column":28},"end":{"line":11,"column":40}},{"start":{"line":11,"column":40},"end":{"line":11,"column":42}}],"line":11},"2":{"loc":{"start":{"line":22,"column":28},"end":{"line":22,"column":37}},"type":"binary-expr","locations":[{"start":{"line":22,"column":28},"end":{"line":22,"column":35}},{"start":{"line":22,"column":35},"end":{"line":22,"column":37}}],"line":22}},"s":{"0":3,"1":2,"2":2,"3":2,"4":2,"5":0,"6":0},"f":{"0":2,"1":0},"b":{"0":[2,2,0],"1":[2,0],"2":[0,0]},"meta":{"lastBranch":3,"lastFunction":2,"lastStatement":7,"seen":{"s:8:47:17:Infinity":0,"f:8:47:8:48":0,"s:10:19:10:Infinity":1,"b:10:19:10:29:10:29:10:40:10:40:10:Infinity":0,"s:11:15:11:Infinity":2,"b:11:28:11:40:11:40:11:42":1,"s:12:16:12:Infinity":3,"s:14:2:15:Infinity":4,"f:21:16:21:37":1,"s:22:15:22:Infinity":5,"b:22:28:22:35:22:35:22:37":2,"s:23:2:23:Infinity":6}}}
,"C:\\wonky-sprout-os\\utils\\telemetry.ts": {"path":"C:\\wonky-sprout-os\\utils\\telemetry.ts","statementMap":{"0":{"start":{"line":5,"column":2},"end":{"line":9,"column":null}},"1":{"start":{"line":6,"column":4},"end":{"line":6,"column":null}}},"fnMap":{"0":{"name":"logTelemetry","decl":{"start":{"line":3,"column":16},"end":{"line":3,"column":29}},"loc":{"start":{"line":3,"column":79},"end":{"line":10,"column":null}},"line":3}},"branchMap":{"0":{"loc":{"start":{"line":3,"column":44},"end":{"line":3,"column":79}},"type":"default-arg","locations":[{"start":{"line":3,"column":75},"end":{"line":3,"column":79}}],"line":3}},"s":{"0":6,"1":6},"f":{"0":6},"b":{"0":[6]},"meta":{"lastBranch":1,"lastFunction":1,"lastStatement":2,"seen":{"f:3:16:3:29":0,"b:3:75:3:79":0,"s:5:2:9:Infinity":0,"s:6:4:6:Infinity":1}}}
,"C:\\wonky-sprout-os\\utils\\telemetryBackend.ts": {"path":"C:\\wonky-sprout-os\\utils\\telemetryBackend.ts","statementMap":{"0":{"start":{"line":3,"column":36},"end":{"line":3,"column":null}},"1":{"start":{"line":4,"column":18},"end":{"line":4,"column":null}},"2":{"start":{"line":7,"column":17},"end":{"line":7,"column":null}},"3":{"start":{"line":8,"column":2},"end":{"line":8,"column":null}},"4":{"start":{"line":9,"column":2},"end":{"line":21,"column":null}},"5":{"start":{"line":10,"column":4},"end":{"line":20,"column":null}},"6":{"start":{"line":14,"column":6},"end":{"line":14,"column":null}},"7":{"start":{"line":15,"column":6},"end":{"line":15,"column":null}},"8":{"start":{"line":17,"column":6},"end":{"line":17,"column":null}},"9":{"start":{"line":18,"column":6},"end":{"line":18,"column":null}},"10":{"start":{"line":19,"column":6},"end":{"line":19,"column":null}},"11":{"start":{"line":25,"column":2},"end":{"line":36,"column":null}},"12":{"start":{"line":26,"column":4},"end":{"line":33,"column":null}},"13":{"start":{"line":28,"column":6},"end":{"line":28,"column":null}},"14":{"start":{"line":30,"column":6},"end":{"line":30,"column":null}},"15":{"start":{"line":32,"column":6},"end":{"line":32,"column":null}}},"fnMap":{"0":{"name":"initTelemetry","decl":{"start":{"line":6,"column":16},"end":{"line":6,"column":30}},"loc":{"start":{"line":6,"column":93},"end":{"line":22,"column":null}},"line":6},"1":{"name":"trackEvent","decl":{"start":{"line":24,"column":16},"end":{"line":24,"column":27}},"loc":{"start":{"line":24,"column":76},"end":{"line":37,"column":null}},"line":24}},"branchMap":{"0":{"loc":{"start":{"line":7,"column":17},"end":{"line":7,"column":null}},"type":"binary-expr","locations":[{"start":{"line":7,"column":17},"end":{"line":7,"column":34}},{"start":{"line":7,"column":34},"end":{"line":7,"column":null}}],"line":7},"1":{"loc":{"start":{"line":8,"column":12},"end":{"line":8,"column":null}},"type":"cond-expr","locations":[{"start":{"line":8,"column":34},"end":{"line":8,"column":45}},{"start":{"line":8,"column":45},"end":{"line":8,"column":null}}],"line":8},"2":{"loc":{"start":{"line":9,"column":2},"end":{"line":21,"column":null}},"type":"if","locations":[{"start":{"line":9,"column":2},"end":{"line":21,"column":null}},{"start":{},"end":{}}],"line":9},"3":{"loc":{"start":{"line":15,"column":25},"end":{"line":15,"column":68}},"type":"binary-expr","locations":[{"start":{"line":15,"column":25},"end":{"line":15,"column":44}},{"start":{"line":15,"column":44},"end":{"line":15,"column":68}}],"line":15},"4":{"loc":{"start":{"line":24,"column":41},"end":{"line":24,"column":76}},"type":"default-arg","locations":[{"start":{"line":24,"column":72},"end":{"line":24,"column":76}}],"line":24},"5":{"loc":{"start":{"line":26,"column":4},"end":{"line":33,"column":null}},"type":"if","locations":[{"start":{"line":26,"column":4},"end":{"line":33,"column":null}},{"start":{"line":31,"column":11},"end":{"line":33,"column":null}}],"line":26},"6":{"loc":{"start":{"line":26,"column":8},"end":{"line":26,"column":40}},"type":"binary-expr","locations":[{"start":{"line":26,"column":8},"end":{"line":26,"column":32}},{"start":{"line":26,"column":32},"end":{"line":26,"column":40}}],"line":26}},"s":{"0":3,"1":3,"2":0,"3":0,"4":0,"5":0,"6":0,"7":0,"8":0,"9":0,"10":0,"11":6,"12":6,"13":0,"14":0,"15":6},"f":{"0":0,"1":6},"b":{"0":[0,0],"1":[0,0],"2":[0,0],"3":[0,0],"4":[6],"5":[0,6],"6":[6,0]},"meta":{"lastBranch":7,"lastFunction":2,"lastStatement":16,"seen":{"s:3:36:3:Infinity":0,"s:4:18:4:Infinity":1,"f:6:16:6:30":0,"s:7:17:7:Infinity":2,"b:7:17:7:34:7:34:7:Infinity":0,"s:8:2:8:Infinity":3,"b:8:34:8:45:8:45:8:Infinity":1,"b:9:2:21:Infinity:undefined:undefined:undefined:undefined":2,"s:9:2:21:Infinity":4,"s:10:4:20:Infinity":5,"s:14:6:14:Infinity":6,"s:15:6:15:Infinity":7,"b:15:25:15:44:15:44:15:68":3,"s:17:6:17:Infinity":8,"s:18:6:18:Infinity":9,"s:19:6:19:Infinity":10,"f:24:16:24:27":1,"b:24:72:24:76":4,"s:25:2:36:Infinity":11,"b:26:4:33:Infinity:31:11:33:Infinity":5,"s:26:4:33:Infinity":12,"b:26:8:26:32:26:32:26:40":6,"s:28:6:28:Infinity":13,"s:30:6:30:Infinity":14,"s:32:6:32:Infinity":15}}}
}
